<?xml version="1.0" encoding="UTF-8"?>
<testng-results ignored="0" total="1" passed="0" failed="1" skipped="0">
  <reporter-output>
    <line>
      <![CDATA[MC Customer with active revenue value is 35]]>
    </line>
    <line>
      <![CDATA[MC credit hold value is 48]]>
    </line>
  </reporter-output>
  <suite started-at="2023-12-18T22:43:26 IST" name="Smoke Pack Suite" finished-at="2023-12-18T22:52:14 IST" duration-ms="527180">
    <groups>
      <group name="Mission Control - Customers">
        <method signature="XGLT_6685_Test.MCActivewithRevenue()[pri:1, instance:XGLT_6685_Test@27f9e982]" name="MCActivewithRevenue" class="XGLT_6685_Test"/>
      </group> <!-- Mission Control - Customers -->
    </groups>
    <test started-at="2023-12-18T22:43:26 IST" name="Maintainance Tests" finished-at="2023-12-18T22:52:14 IST" duration-ms="527180">
      <class name="XGLT_6685_Test">
        <test-method is-config="true" signature="archive_old()[pri:0, instance:XGLT_6685_Test@27f9e982]" started-at="2023-12-18T22:43:26 IST" name="archive_old" finished-at="2023-12-18T22:43:26 IST" duration-ms="12" status="PASS">
          <reporter-output>
          </reporter-output>
        </test-method> <!-- archive_old -->
        <test-method is-config="true" signature="initOR()[pri:0, instance:XGLT_6685_Test@27f9e982]" started-at="2023-12-18T22:43:26 IST" name="initOR" finished-at="2023-12-18T22:43:26 IST" duration-ms="1" status="PASS">
          <reporter-output>
          </reporter-output>
        </test-method> <!-- initOR -->
        <test-method is-config="true" signature="setupLog4j()[pri:0, instance:XGLT_6685_Test@27f9e982]" started-at="2023-12-18T22:43:26 IST" name="setupLog4j" finished-at="2023-12-18T22:43:26 IST" duration-ms="14" status="PASS">
          <reporter-output>
          </reporter-output>
        </test-method> <!-- setupLog4j -->
        <test-method is-config="true" signature="login()[pri:0, instance:XGLT_6685_Test@27f9e982]" started-at="2023-12-18T22:43:26 IST" name="login" finished-at="2023-12-18T22:44:37 IST" duration-ms="70669" status="PASS">
          <reporter-output>
          </reporter-output>
        </test-method> <!-- login -->
        <test-method is-config="true" signature="name(org.testng.ITestContext)[pri:0, instance:XGLT_6685_Test@27f9e982]" started-at="2023-12-18T22:44:37 IST" name="name" finished-at="2023-12-18T22:44:37 IST" duration-ms="6" status="PASS">
          <params>
            <param index="0">
              <value>
                <![CDATA[org.testng.TestRunner@73c25e8]]>
              </value>
            </param>
          </params>
          <reporter-output>
          </reporter-output>
        </test-method> <!-- name -->
        <test-method signature="MCActivewithRevenue()[pri:1, instance:XGLT_6685_Test@27f9e982]" started-at="2023-12-18T22:44:37 IST" name="MCActivewithRevenue" finished-at="2023-12-18T22:52:13 IST" duration-ms="456089" status="FAIL">
          <exception class="java.lang.AssertionError">
            <message>
              <![CDATA[expected [true] but found [false]]]>
            </message>
            <full-stacktrace>
              <![CDATA[java.lang.AssertionError: expected [true] but found [false]
at org.testng.Assert.fail(Assert.java:110)
at org.testng.Assert.failNotEquals(Assert.java:1413)
at org.testng.Assert.assertTrue(Assert.java:56)
at org.testng.Assert.assertTrue(Assert.java:66)
at XGLT_6685_Test.MCActivewithRevenue(XGLT_6685_Test.java:17)
at java.base/jdk.internal.reflect.DirectMethodHandleAccessor.invoke(DirectMethodHandleAccessor.java:104)
at java.base/java.lang.reflect.Method.invoke(Method.java:578)
at org.testng.internal.invokers.MethodInvocationHelper.invokeMethod(MethodInvocationHelper.java:139)
at org.testng.internal.invokers.TestInvoker.invokeMethod(TestInvoker.java:677)
at org.testng.internal.invokers.TestInvoker.invokeTestMethod(TestInvoker.java:221)
at org.testng.internal.invokers.MethodRunner.runInSequence(MethodRunner.java:50)
at org.testng.internal.invokers.TestInvoker$MethodInvocationAgent.invoke(TestInvoker.java:962)
at org.testng.internal.invokers.TestInvoker.invokeTestMethods(TestInvoker.java:194)
at org.testng.internal.invokers.TestMethodWorker.invokeTestMethods(TestMethodWorker.java:148)
at org.testng.internal.invokers.TestMethodWorker.run(TestMethodWorker.java:128)
at java.base/java.util.ArrayList.forEach(ArrayList.java:1511)
at org.testng.TestRunner.privateRun(TestRunner.java:806)
at org.testng.TestRunner.run(TestRunner.java:601)
at org.testng.SuiteRunner.runTest(SuiteRunner.java:433)
at org.testng.SuiteRunner.runSequentially(SuiteRunner.java:427)
at org.testng.SuiteRunner.privateRun(SuiteRunner.java:387)
at org.testng.SuiteRunner.run(SuiteRunner.java:330)
at org.testng.SuiteRunnerWorker.runSuite(SuiteRunnerWorker.java:52)
at org.testng.SuiteRunnerWorker.run(SuiteRunnerWorker.java:95)
at org.testng.TestNG.runSuitesSequentially(TestNG.java:1256)
at org.testng.TestNG.runSuitesLocally(TestNG.java:1176)
at org.testng.TestNG.runSuites(TestNG.java:1099)
at org.testng.TestNG.run(TestNG.java:1067)
at org.apache.maven.surefire.testng.TestNGExecutor.run(TestNGExecutor.java:324)
at org.apache.maven.surefire.testng.TestNGXmlTestSuite.execute(TestNGXmlTestSuite.java:74)
at org.apache.maven.surefire.testng.TestNGProvider.invoke(TestNGProvider.java:123)
at org.apache.maven.surefire.booter.ForkedBooter.runSuitesInProcess(ForkedBooter.java:456)
at org.apache.maven.surefire.booter.ForkedBooter.execute(ForkedBooter.java:169)
at org.apache.maven.surefire.booter.ForkedBooter.run(ForkedBooter.java:595)
at org.apache.maven.surefire.booter.ForkedBooter.main(ForkedBooter.java:581)
]]>
            </full-stacktrace>
          </exception> <!-- java.lang.AssertionError -->
          <reporter-output>
            <line>
              <![CDATA[MC Customer with active revenue value is 35]]>
            </line>
            <line>
              <![CDATA[MC credit hold value is 48]]>
            </line>
          </reporter-output>
        </test-method> <!-- MCActivewithRevenue -->
      </class> <!-- XGLT_6685_Test -->
    </test> <!-- Maintainance Tests -->
  </suite> <!-- Smoke Pack Suite -->
</testng-results>
