<?xml version="1.0" encoding="UTF-8"?>
<testsuite xmlns:xsi="http://www.w3.org/2001/XMLSchema-instance" xsi:noNamespaceSchemaLocation="https://maven.apache.org/surefire/maven-surefire-plugin/xsd/surefire-test-report-3.0.xsd" version="3.0" name="TestSuite" time="646.094" tests="4" errors="0" skipped="0" failures="1">
  <properties>
[...]
</properties>
  <testcase name="MCActivewithRevenue" classname="XGLT_6685_Test" time="274.252">
    <system-out><![CDATA[Archive created successfully.
FileNotFoundException occurred: screenshots (The system cannot find the file specified)
Archive created successfully.
Test Suite started!
2023-12-20 22:02:11,252 [main] INFO  base.BaseClass - Login to XGL
2023-12-20 22:02:11,253 [main] INFO  XGLT_6685_Test - Setting up browser
2023-12-20 22:02:11,589 [main] INFO  io.github.bonigarcia.wdm.WebDriverManager - Using chromedriver 120.0.6099.109 (resolved driver for Chrome 120)
2023-12-20 22:02:11,629 [main] INFO  io.github.bonigarcia.wdm.WebDriverManager - Exporting webdriver.chrome.driver as C:\Users\dP-PL\.cache\selenium\chromedriver\win64\120.0.6099.109\chromedriver.exe
2023-12-20 22:02:13,080 [main] INFO  base.BaseClass - Before navigating to {url}
2023-12-20 22:02:22,836 [main] INFO  base.BaseClass - Navigated to {url}
2023-12-20 22:02:23,232 [main] INFO  base.BaseClass - Trying to find Element By {by.toString()})
2023-12-20 22:02:23,250 [main] INFO  base.BaseClass - Found Element By {by.toString()}
2023-12-20 22:02:23,305 [main] INFO  base.BaseClass - Trying to find Element By {by.toString()})
2023-12-20 22:02:23,319 [main] INFO  base.BaseClass - Found Element By {by.toString()}
2023-12-20 22:02:23,380 [main] INFO  base.BaseClass - Trying to find Element By {by.toString()})
2023-12-20 22:02:23,393 [main] INFO  base.BaseClass - Found Element By {by.toString()}
2023-12-20 22:02:23,395 [main] INFO  base.BaseClass - Trying to click on: {element.toString()}
2023-12-20 22:02:23,431 [main] INFO  base.BaseClass - Clicked on: {element.toString()}
2023-12-20 22:02:23,434 [main] INFO  base.BaseClass - Trying to find Element By {by.toString()})
2023-12-20 22:02:25,076 [main] INFO  base.BaseClass - Found Element By {by.toString()}
2023-12-20 22:02:25,119 [main] INFO  base.BaseClass - Trying to find Element By {by.toString()})
NoSuchElementException occurred: no such element: Unable to locate element: {"method":"xpath","selector":"//div[@class='modal-content']/div/i[contains(@class,'close')]"}
  (Session info: chrome=120.0.6099.72)
For documentation on this error, please visit: https://www.seleniumhq.org/exceptions/no_such_element.html
Build info: version: '3.141.59', revision: 'e82be7d358', time: '2018-11-14T08:17:03'
System info: host: 'DPLAP166', ip: '137.237.3.197', os.name: 'Windows 10', os.arch: 'amd64', os.version: '10.0', java.version: '19.0.1'
Driver info: org.openqa.selenium.chrome.ChromeDriver
Capabilities {acceptInsecureCerts: true, browserName: chrome, browserVersion: 120.0.6099.72, chrome: {chromedriverVersion: 120.0.6099.109 (3419140ab66..., userDataDir: C:\Users\dP-PL\AppData\Loca...}, fedcm:accounts: true, goog:chromeOptions: {debuggerAddress: localhost:60862}, javascriptEnabled: true, networkConnectionEnabled: false, pageLoadStrategy: normal, platform: WINDOWS, platformName: WINDOWS, proxy: Proxy(), setWindowRect: true, strictFileInteractability: false, timeouts: {implicit: 0, pageLoad: 300000, script: 30000}, unhandledPromptBehavior: dismiss and notify, webauthn:extension:credBlob: true, webauthn:extension:largeBlob: true, webauthn:extension:minPinLength: true, webauthn:extension:prf: true, webauthn:virtualAuthenticators: true}
Session ID: b42297d292bc21c8e7aac60c7f16148b
*** Element info: {Using=xpath, value=//div[@class='modal-content']/div/i[contains(@class,'close')]}
Before method Test name: Maintainance Tests
MCActivewithRevenue started!
2023-12-20 22:03:15,272 [main] INFO  base.BaseClass - Trying to find Element By {by.toString()})
2023-12-20 22:03:15,297 [main] INFO  base.BaseClass - Found Element By {by.toString()}
2023-12-20 22:03:15,851 [main] INFO  base.BaseClass - Trying to find Element By {by.toString()})
2023-12-20 22:03:15,876 [main] INFO  base.BaseClass - Found Element By {by.toString()}
2023-12-20 22:03:16,433 [main] INFO  base.BaseClass - Trying to find Element By {by.toString()})
2023-12-20 22:03:16,458 [main] INFO  base.BaseClass - Found Element By {by.toString()}
2023-12-20 22:03:17,000 [main] INFO  base.BaseClass - Trying to find Element By {by.toString()})
2023-12-20 22:03:17,016 [main] INFO  base.BaseClass - Found Element By {by.toString()}
2023-12-20 22:03:17,548 [main] INFO  base.BaseClass - Trying to find Element By {by.toString()})
2023-12-20 22:03:17,574 [main] INFO  base.BaseClass - Found Element By {by.toString()}
2023-12-20 22:03:18,113 [main] INFO  base.BaseClass - Trying to find Element By {by.toString()})
2023-12-20 22:03:18,138 [main] INFO  base.BaseClass - Found Element By {by.toString()}
2023-12-20 22:03:18,709 [main] INFO  base.BaseClass - Trying to find Element By {by.toString()})
2023-12-20 22:03:18,736 [main] INFO  base.BaseClass - Found Element By {by.toString()}
2023-12-20 22:03:19,276 [main] INFO  base.BaseClass - Trying to find Element By {by.toString()})
2023-12-20 22:03:19,300 [main] INFO  base.BaseClass - Found Element By {by.toString()}
2023-12-20 22:03:19,844 [main] INFO  base.BaseClass - Trying to find Element By {by.toString()})
2023-12-20 22:03:19,866 [main] INFO  base.BaseClass - Found Element By {by.toString()}
2023-12-20 22:03:20,406 [main] INFO  base.BaseClass - Trying to find Element By {by.toString()})
2023-12-20 22:03:20,432 [main] INFO  base.BaseClass - Found Element By {by.toString()}
2023-12-20 22:03:20,974 [main] INFO  base.BaseClass - Trying to find Element By {by.toString()})
2023-12-20 22:03:20,999 [main] INFO  base.BaseClass - Found Element By {by.toString()}
2023-12-20 22:03:21,540 [main] INFO  base.BaseClass - Trying to find Element By {by.toString()})
2023-12-20 22:03:21,568 [main] INFO  base.BaseClass - Found Element By {by.toString()}
2023-12-20 22:03:22,107 [main] INFO  base.BaseClass - Trying to find Element By {by.toString()})
2023-12-20 22:03:22,122 [main] INFO  base.BaseClass - Found Element By {by.toString()}
2023-12-20 22:03:22,641 [main] INFO  base.BaseClass - Trying to find Element By {by.toString()})
2023-12-20 22:03:22,670 [main] INFO  base.BaseClass - Found Element By {by.toString()}
2023-12-20 22:03:23,239 [main] INFO  base.BaseClass - Trying to find Element By {by.toString()})
2023-12-20 22:03:23,265 [main] INFO  base.BaseClass - Found Element By {by.toString()}
2023-12-20 22:03:23,802 [main] INFO  base.BaseClass - Trying to find Element By {by.toString()})
2023-12-20 22:03:23,829 [main] INFO  base.BaseClass - Found Element By {by.toString()}
2023-12-20 22:03:24,369 [main] INFO  base.BaseClass - Trying to find Element By {by.toString()})
2023-12-20 22:03:24,393 [main] INFO  base.BaseClass - Found Element By {by.toString()}
2023-12-20 22:03:24,932 [main] INFO  base.BaseClass - Trying to find Element By {by.toString()})
2023-12-20 22:03:24,961 [main] INFO  base.BaseClass - Found Element By {by.toString()}
2023-12-20 22:03:25,529 [main] INFO  base.BaseClass - Trying to find Element By {by.toString()})
2023-12-20 22:03:25,558 [main] INFO  base.BaseClass - Found Element By {by.toString()}
2023-12-20 22:03:26,108 [main] INFO  base.BaseClass - Trying to find Element By {by.toString()})
2023-12-20 22:03:26,136 [main] INFO  base.BaseClass - Found Element By {by.toString()}
2023-12-20 22:03:26,685 [main] INFO  base.BaseClass - Trying to find Element By {by.toString()})
2023-12-20 22:03:26,715 [main] INFO  base.BaseClass - Found Element By {by.toString()}
2023-12-20 22:03:27,265 [main] INFO  base.BaseClass - Trying to find Element By {by.toString()})
2023-12-20 22:03:27,291 [main] INFO  base.BaseClass - Found Element By {by.toString()}
2023-12-20 22:03:27,833 [main] INFO  base.BaseClass - Trying to find Element By {by.toString()})
2023-12-20 22:03:27,860 [main] INFO  base.BaseClass - Found Element By {by.toString()}
2023-12-20 22:03:28,402 [main] INFO  base.BaseClass - Trying to find Element By {by.toString()})
2023-12-20 22:03:28,431 [main] INFO  base.BaseClass - Found Element By {by.toString()}
2023-12-20 22:03:28,993 [main] INFO  base.BaseClass - Trying to find Element By {by.toString()})
2023-12-20 22:03:29,023 [main] INFO  base.BaseClass - Found Element By {by.toString()}
2023-12-20 22:03:29,568 [main] INFO  base.BaseClass - Trying to find Element By {by.toString()})
2023-12-20 22:03:29,596 [main] INFO  base.BaseClass - Found Element By {by.toString()}
2023-12-20 22:03:30,144 [main] INFO  base.BaseClass - Trying to find Element By {by.toString()})
2023-12-20 22:03:30,173 [main] INFO  base.BaseClass - Found Element By {by.toString()}
2023-12-20 22:03:30,722 [main] INFO  base.BaseClass - Trying to find Element By {by.toString()})
2023-12-20 22:03:30,750 [main] INFO  base.BaseClass - Found Element By {by.toString()}
2023-12-20 22:03:31,304 [main] INFO  base.BaseClass - Trying to find Element By {by.toString()})
2023-12-20 22:03:31,316 [main] INFO  base.BaseClass - Found Element By {by.toString()}
2023-12-20 22:03:31,854 [main] INFO  base.BaseClass - Trying to find Element By {by.toString()})
2023-12-20 22:03:31,883 [main] INFO  base.BaseClass - Found Element By {by.toString()}
2023-12-20 22:03:32,428 [main] INFO  base.BaseClass - Trying to find Element By {by.toString()})
2023-12-20 22:03:32,456 [main] INFO  base.BaseClass - Found Element By {by.toString()}
2023-12-20 22:03:33,008 [main] INFO  base.BaseClass - Trying to find Element By {by.toString()})
2023-12-20 22:03:33,029 [main] INFO  base.BaseClass - Found Element By {by.toString()}
2023-12-20 22:03:33,557 [main] INFO  base.BaseClass - Trying to find Element By {by.toString()})
2023-12-20 22:03:33,581 [main] INFO  base.BaseClass - Found Element By {by.toString()}
2023-12-20 22:03:34,126 [main] INFO  base.BaseClass - Trying to find Element By {by.toString()})
2023-12-20 22:03:34,150 [main] INFO  base.BaseClass - Found Element By {by.toString()}
2023-12-20 22:03:34,688 [main] INFO  base.BaseClass - Trying to find Element By {by.toString()})
2023-12-20 22:03:34,714 [main] INFO  base.BaseClass - Found Element By {by.toString()}
2023-12-20 22:03:35,256 [main] INFO  base.BaseClass - Trying to find Element By {by.toString()})
2023-12-20 22:03:35,283 [main] INFO  base.BaseClass - Found Element By {by.toString()}
2023-12-20 22:03:35,837 [main] INFO  base.BaseClass - Trying to find Element By {by.toString()})
2023-12-20 22:03:35,863 [main] INFO  base.BaseClass - Found Element By {by.toString()}
2023-12-20 22:03:36,400 [main] INFO  base.BaseClass - Trying to find Element By {by.toString()})
2023-12-20 22:03:36,427 [main] INFO  base.BaseClass - Found Element By {by.toString()}
2023-12-20 22:03:36,981 [main] INFO  base.BaseClass - Trying to find Element By {by.toString()})
2023-12-20 22:03:37,005 [main] INFO  base.BaseClass - Found Element By {by.toString()}
2023-12-20 22:03:37,544 [main] INFO  base.BaseClass - Trying to find Element By {by.toString()})
2023-12-20 22:03:37,566 [main] INFO  base.BaseClass - Found Element By {by.toString()}
2023-12-20 22:03:38,095 [main] INFO  base.BaseClass - Trying to find Element By {by.toString()})
2023-12-20 22:03:38,123 [main] INFO  base.BaseClass - Found Element By {by.toString()}
2023-12-20 22:03:38,646 [main] INFO  base.BaseClass - Trying to find Element By {by.toString()})
2023-12-20 22:03:38,672 [main] INFO  base.BaseClass - Found Element By {by.toString()}
2023-12-20 22:03:39,210 [main] INFO  base.BaseClass - Trying to find Element By {by.toString()})
2023-12-20 22:03:39,236 [main] INFO  base.BaseClass - Found Element By {by.toString()}
2023-12-20 22:03:39,776 [main] INFO  base.BaseClass - Trying to find Element By {by.toString()})
2023-12-20 22:03:39,803 [main] INFO  base.BaseClass - Found Element By {by.toString()}
2023-12-20 22:03:40,342 [main] INFO  base.BaseClass - Trying to find Element By {by.toString()})
2023-12-20 22:03:40,366 [main] INFO  base.BaseClass - Found Element By {by.toString()}
2023-12-20 22:03:40,889 [main] INFO  base.BaseClass - Trying to find Element By {by.toString()})
2023-12-20 22:03:40,916 [main] INFO  base.BaseClass - Found Element By {by.toString()}
2023-12-20 22:03:41,455 [main] INFO  base.BaseClass - Trying to find Element By {by.toString()})
2023-12-20 22:03:41,479 [main] INFO  base.BaseClass - Found Element By {by.toString()}
2023-12-20 22:03:42,019 [main] INFO  base.BaseClass - Trying to find Element By {by.toString()})
2023-12-20 22:03:42,045 [main] INFO  base.BaseClass - Found Element By {by.toString()}
2023-12-20 22:03:42,586 [main] INFO  base.BaseClass - Trying to find Element By {by.toString()})
2023-12-20 22:03:42,605 [main] INFO  base.BaseClass - Found Element By {by.toString()}
2023-12-20 22:03:43,137 [main] INFO  base.BaseClass - Trying to find Element By {by.toString()})
2023-12-20 22:03:43,162 [main] INFO  base.BaseClass - Found Element By {by.toString()}
2023-12-20 22:03:43,704 [main] INFO  base.BaseClass - Trying to find Element By {by.toString()})
2023-12-20 22:03:43,728 [main] INFO  base.BaseClass - Found Element By {by.toString()}
2023-12-20 22:03:44,269 [main] INFO  base.BaseClass - Trying to find Element By {by.toString()})
2023-12-20 22:03:44,295 [main] INFO  base.BaseClass - Found Element By {by.toString()}
2023-12-20 22:03:44,836 [main] INFO  base.BaseClass - Trying to find Element By {by.toString()})
2023-12-20 22:03:44,862 [main] INFO  base.BaseClass - Found Element By {by.toString()}
2023-12-20 22:03:45,401 [main] INFO  base.BaseClass - Trying to find Element By {by.toString()})
2023-12-20 22:03:45,424 [main] INFO  base.BaseClass - Found Element By {by.toString()}
TimeoutException occurred: Expected condition failed: waiting for helper.WaitUtility$5@31973858 (tried for 30 second(s) with 500 milliseconds interval)
Build info: version: '3.141.59', revision: 'e82be7d358', time: '2018-11-14T08:17:03'
System info: host: 'DPLAP166', ip: '137.237.3.197', os.name: 'Windows 10', os.arch: 'amd64', os.version: '10.0', java.version: '19.0.1'
Driver info: org.openqa.selenium.support.events.EventFiringWebDriver
Capabilities {acceptInsecureCerts: true, browserName: chrome, browserVersion: 120.0.6099.72, chrome: {chromedriverVersion: 120.0.6099.109 (3419140ab66..., userDataDir: C:\Users\dP-PL\AppData\Loca...}, fedcm:accounts: true, goog:chromeOptions: {debuggerAddress: localhost:60862}, javascriptEnabled: true, networkConnectionEnabled: false, pageLoadStrategy: normal, platform: WINDOWS, platformName: WINDOWS, proxy: Proxy(), setWindowRect: true, strictFileInteractability: false, timeouts: {implicit: 0, pageLoad: 300000, script: 30000}, unhandledPromptBehavior: dismiss and notify, webauthn:extension:credBlob: true, webauthn:extension:largeBlob: true, webauthn:extension:minPinLength: true, webauthn:extension:prf: true, webauthn:virtualAuthenticators: true}
Session ID: b42297d292bc21c8e7aac60c7f16148b
2023-12-20 22:03:45,458 [main] ERROR XGLT_6685_Test - Element did not become visible within the specified time: Expected condition failed: waiting for helper.WaitUtility$5@31973858 (tried for 30 second(s) with 500 milliseconds interval)
Build info: version: '3.141.59', revision: 'e82be7d358', time: '2018-11-14T08:17:03'
System info: host: 'DPLAP166', ip: '137.237.3.197', os.name: 'Windows 10', os.arch: 'amd64', os.version: '10.0', java.version: '19.0.1'
Driver info: org.openqa.selenium.support.events.EventFiringWebDriver
Capabilities {acceptInsecureCerts: true, browserName: chrome, browserVersion: 120.0.6099.72, chrome: {chromedriverVersion: 120.0.6099.109 (3419140ab66..., userDataDir: C:\Users\dP-PL\AppData\Loca...}, fedcm:accounts: true, goog:chromeOptions: {debuggerAddress: localhost:60862}, javascriptEnabled: true, networkConnectionEnabled: false, pageLoadStrategy: normal, platform: WINDOWS, platformName: WINDOWS, proxy: Proxy(), setWindowRect: true, strictFileInteractability: false, timeouts: {implicit: 0, pageLoad: 300000, script: 30000}, unhandledPromptBehavior: dismiss and notify, webauthn:extension:credBlob: true, webauthn:extension:largeBlob: true, webauthn:extension:minPinLength: true, webauthn:extension:prf: true, webauthn:virtualAuthenticators: true}
Session ID: b42297d292bc21c8e7aac60c7f16148b
2023-12-20 22:03:45,459 [main] INFO  base.BaseClass - Trying to find Element By {by.toString()})
2023-12-20 22:03:45,482 [main] INFO  base.BaseClass - Found Element By {by.toString()}
MC value is 789
2023-12-20 22:03:45,523 [main] INFO  base.BaseClass - Trying to find Element By {by.toString()})
2023-12-20 22:03:45,551 [main] INFO  base.BaseClass - Found Element By {by.toString()}
2023-12-20 22:03:46,091 [main] INFO  base.BaseClass - Trying to find Element By {by.toString()})
2023-12-20 22:03:46,116 [main] INFO  base.BaseClass - Found Element By {by.toString()}
2023-12-20 22:03:46,657 [main] INFO  base.BaseClass - Trying to find Element By {by.toString()})
2023-12-20 22:03:46,681 [main] INFO  base.BaseClass - Found Element By {by.toString()}
2023-12-20 22:03:47,223 [main] INFO  base.BaseClass - Trying to find Element By {by.toString()})
2023-12-20 22:03:47,252 [main] INFO  base.BaseClass - Found Element By {by.toString()}
2023-12-20 22:03:47,789 [main] INFO  base.BaseClass - Trying to find Element By {by.toString()})
2023-12-20 22:03:47,812 [main] INFO  base.BaseClass - Found Element By {by.toString()}
2023-12-20 22:03:48,355 [main] INFO  base.BaseClass - Trying to find Element By {by.toString()})
2023-12-20 22:03:48,382 [main] INFO  base.BaseClass - Found Element By {by.toString()}
2023-12-20 22:03:48,921 [main] INFO  base.BaseClass - Trying to find Element By {by.toString()})
2023-12-20 22:03:48,945 [main] INFO  base.BaseClass - Found Element By {by.toString()}
2023-12-20 22:03:49,485 [main] INFO  base.BaseClass - Trying to find Element By {by.toString()})
2023-12-20 22:03:49,508 [main] INFO  base.BaseClass - Found Element By {by.toString()}
2023-12-20 22:03:50,049 [main] INFO  base.BaseClass - Trying to find Element By {by.toString()})
2023-12-20 22:03:50,073 [main] INFO  base.BaseClass - Found Element By {by.toString()}
2023-12-20 22:03:50,618 [main] INFO  base.BaseClass - Trying to find Element By {by.toString()})
2023-12-20 22:03:50,637 [main] INFO  base.BaseClass - Found Element By {by.toString()}
2023-12-20 22:03:51,167 [main] INFO  base.BaseClass - Trying to find Element By {by.toString()})
2023-12-20 22:03:51,190 [main] INFO  base.BaseClass - Found Element By {by.toString()}
2023-12-20 22:03:51,733 [main] INFO  base.BaseClass - Trying to find Element By {by.toString()})
2023-12-20 22:03:51,757 [main] INFO  base.BaseClass - Found Element By {by.toString()}
2023-12-20 22:03:52,301 [main] INFO  base.BaseClass - Trying to find Element By {by.toString()})
2023-12-20 22:03:52,327 [main] INFO  base.BaseClass - Found Element By {by.toString()}
2023-12-20 22:03:52,869 [main] INFO  base.BaseClass - Trying to find Element By {by.toString()})
2023-12-20 22:03:52,887 [main] INFO  base.BaseClass - Found Element By {by.toString()}
2023-12-20 22:03:53,420 [main] INFO  base.BaseClass - Trying to find Element By {by.toString()})
2023-12-20 22:03:53,446 [main] INFO  base.BaseClass - Found Element By {by.toString()}
2023-12-20 22:03:53,988 [main] INFO  base.BaseClass - Trying to find Element By {by.toString()})
2023-12-20 22:03:54,012 [main] INFO  base.BaseClass - Found Element By {by.toString()}
2023-12-20 22:03:54,543 [main] INFO  base.BaseClass - Trying to find Element By {by.toString()})
2023-12-20 22:03:54,569 [main] INFO  base.BaseClass - Found Element By {by.toString()}
2023-12-20 22:03:55,121 [main] INFO  base.BaseClass - Trying to find Element By {by.toString()})
2023-12-20 22:03:55,158 [main] INFO  base.BaseClass - Found Element By {by.toString()}
2023-12-20 22:03:55,686 [main] INFO  base.BaseClass - Trying to find Element By {by.toString()})
2023-12-20 22:03:55,711 [main] INFO  base.BaseClass - Found Element By {by.toString()}
2023-12-20 22:03:56,251 [main] INFO  base.BaseClass - Trying to find Element By {by.toString()})
2023-12-20 22:03:56,272 [main] INFO  base.BaseClass - Found Element By {by.toString()}
2023-12-20 22:03:56,801 [main] INFO  base.BaseClass - Trying to find Element By {by.toString()})
2023-12-20 22:03:56,823 [main] INFO  base.BaseClass - Found Element By {by.toString()}
2023-12-20 22:03:57,368 [main] INFO  base.BaseClass - Trying to find Element By {by.toString()})
2023-12-20 22:03:57,394 [main] INFO  base.BaseClass - Found Element By {by.toString()}
2023-12-20 22:03:57,935 [main] INFO  base.BaseClass - Trying to find Element By {by.toString()})
2023-12-20 22:03:57,959 [main] INFO  base.BaseClass - Found Element By {by.toString()}
2023-12-20 22:03:58,499 [main] INFO  base.BaseClass - Trying to find Element By {by.toString()})
2023-12-20 22:03:58,522 [main] INFO  base.BaseClass - Found Element By {by.toString()}
2023-12-20 22:03:59,066 [main] INFO  base.BaseClass - Trying to find Element By {by.toString()})
2023-12-20 22:03:59,091 [main] INFO  base.BaseClass - Found Element By {by.toString()}
2023-12-20 22:03:59,633 [main] INFO  base.BaseClass - Trying to find Element By {by.toString()})
2023-12-20 22:03:59,654 [main] INFO  base.BaseClass - Found Element By {by.toString()}
2023-12-20 22:04:00,198 [main] INFO  base.BaseClass - Trying to find Element By {by.toString()})
2023-12-20 22:04:00,221 [main] INFO  base.BaseClass - Found Element By {by.toString()}
2023-12-20 22:04:00,761 [main] INFO  base.BaseClass - Trying to find Element By {by.toString()})
2023-12-20 22:04:00,784 [main] INFO  base.BaseClass - Found Element By {by.toString()}
2023-12-20 22:04:01,327 [main] INFO  base.BaseClass - Trying to find Element By {by.toString()})
2023-12-20 22:04:01,348 [main] INFO  base.BaseClass - Found Element By {by.toString()}
2023-12-20 22:04:01,892 [main] INFO  base.BaseClass - Trying to find Element By {by.toString()})
2023-12-20 22:04:01,910 [main] INFO  base.BaseClass - Found Element By {by.toString()}
2023-12-20 22:04:02,447 [main] INFO  base.BaseClass - Trying to find Element By {by.toString()})
2023-12-20 22:04:02,472 [main] INFO  base.BaseClass - Found Element By {by.toString()}
2023-12-20 22:04:03,013 [main] INFO  base.BaseClass - Trying to find Element By {by.toString()})
2023-12-20 22:04:03,040 [main] INFO  base.BaseClass - Found Element By {by.toString()}
2023-12-20 22:04:03,589 [main] INFO  base.BaseClass - Trying to find Element By {by.toString()})
2023-12-20 22:04:03,608 [main] INFO  base.BaseClass - Found Element By {by.toString()}
2023-12-20 22:04:04,140 [main] INFO  base.BaseClass - Trying to find Element By {by.toString()})
2023-12-20 22:04:04,164 [main] INFO  base.BaseClass - Found Element By {by.toString()}
2023-12-20 22:04:04,704 [main] INFO  base.BaseClass - Trying to find Element By {by.toString()})
2023-12-20 22:04:04,724 [main] INFO  base.BaseClass - Found Element By {by.toString()}
2023-12-20 22:04:05,268 [main] INFO  base.BaseClass - Trying to find Element By {by.toString()})
2023-12-20 22:04:05,290 [main] INFO  base.BaseClass - Found Element By {by.toString()}
2023-12-20 22:04:05,823 [main] INFO  base.BaseClass - Trying to find Element By {by.toString()})
2023-12-20 22:04:05,847 [main] INFO  base.BaseClass - Found Element By {by.toString()}
2023-12-20 22:04:06,388 [main] INFO  base.BaseClass - Trying to find Element By {by.toString()})
2023-12-20 22:04:06,414 [main] INFO  base.BaseClass - Found Element By {by.toString()}
2023-12-20 22:04:06,937 [main] INFO  base.BaseClass - Trying to find Element By {by.toString()})
2023-12-20 22:04:06,963 [main] INFO  base.BaseClass - Found Element By {by.toString()}
2023-12-20 22:04:07,487 [main] INFO  base.BaseClass - Trying to find Element By {by.toString()})
2023-12-20 22:04:07,512 [main] INFO  base.BaseClass - Found Element By {by.toString()}
2023-12-20 22:04:08,052 [main] INFO  base.BaseClass - Trying to find Element By {by.toString()})
2023-12-20 22:04:08,077 [main] INFO  base.BaseClass - Found Element By {by.toString()}
2023-12-20 22:04:08,606 [main] INFO  base.BaseClass - Trying to find Element By {by.toString()})
2023-12-20 22:04:08,632 [main] INFO  base.BaseClass - Found Element By {by.toString()}
2023-12-20 22:04:09,163 [main] INFO  base.BaseClass - Trying to find Element By {by.toString()})
2023-12-20 22:04:09,187 [main] INFO  base.BaseClass - Found Element By {by.toString()}
2023-12-20 22:04:09,726 [main] INFO  base.BaseClass - Trying to find Element By {by.toString()})
2023-12-20 22:04:09,750 [main] INFO  base.BaseClass - Found Element By {by.toString()}
2023-12-20 22:04:10,292 [main] INFO  base.BaseClass - Trying to find Element By {by.toString()})
2023-12-20 22:04:10,316 [main] INFO  base.BaseClass - Found Element By {by.toString()}
2023-12-20 22:04:10,858 [main] INFO  base.BaseClass - Trying to find Element By {by.toString()})
2023-12-20 22:04:10,882 [main] INFO  base.BaseClass - Found Element By {by.toString()}
2023-12-20 22:04:11,421 [main] INFO  base.BaseClass - Trying to find Element By {by.toString()})
2023-12-20 22:04:11,446 [main] INFO  base.BaseClass - Found Element By {by.toString()}
2023-12-20 22:04:11,987 [main] INFO  base.BaseClass - Trying to find Element By {by.toString()})
2023-12-20 22:04:12,010 [main] INFO  base.BaseClass - Found Element By {by.toString()}
2023-12-20 22:04:12,549 [main] INFO  base.BaseClass - Trying to find Element By {by.toString()})
2023-12-20 22:04:12,560 [main] INFO  base.BaseClass - Found Element By {by.toString()}
2023-12-20 22:04:13,085 [main] INFO  base.BaseClass - Trying to find Element By {by.toString()})
2023-12-20 22:04:13,106 [main] INFO  base.BaseClass - Found Element By {by.toString()}
2023-12-20 22:04:13,649 [main] INFO  base.BaseClass - Trying to find Element By {by.toString()})
2023-12-20 22:04:13,671 [main] INFO  base.BaseClass - Found Element By {by.toString()}
2023-12-20 22:04:14,214 [main] INFO  base.BaseClass - Trying to find Element By {by.toString()})
2023-12-20 22:04:14,240 [main] INFO  base.BaseClass - Found Element By {by.toString()}
2023-12-20 22:04:14,786 [main] INFO  base.BaseClass - Trying to find Element By {by.toString()})
2023-12-20 22:04:14,809 [main] INFO  base.BaseClass - Found Element By {by.toString()}
2023-12-20 22:04:15,337 [main] INFO  base.BaseClass - Trying to find Element By {by.toString()})
2023-12-20 22:04:15,347 [main] INFO  base.BaseClass - Found Element By {by.toString()}
2023-12-20 22:04:15,869 [main] INFO  base.BaseClass - Trying to find Element By {by.toString()})
2023-12-20 22:04:15,880 [main] INFO  base.BaseClass - Found Element By {by.toString()}
TimeoutException occurred: Expected condition failed: waiting for helper.WaitUtility$5@6380e9e9 (tried for 30 second(s) with 500 milliseconds interval)
Build info: version: '3.141.59', revision: 'e82be7d358', time: '2018-11-14T08:17:03'
System info: host: 'DPLAP166', ip: '137.237.3.197', os.name: 'Windows 10', os.arch: 'amd64', os.version: '10.0', java.version: '19.0.1'
Driver info: org.openqa.selenium.support.events.EventFiringWebDriver
Capabilities {acceptInsecureCerts: true, browserName: chrome, browserVersion: 120.0.6099.72, chrome: {chromedriverVersion: 120.0.6099.109 (3419140ab66..., userDataDir: C:\Users\dP-PL\AppData\Loca...}, fedcm:accounts: true, goog:chromeOptions: {debuggerAddress: localhost:60862}, javascriptEnabled: true, networkConnectionEnabled: false, pageLoadStrategy: normal, platform: WINDOWS, platformName: WINDOWS, proxy: Proxy(), setWindowRect: true, strictFileInteractability: false, timeouts: {implicit: 0, pageLoad: 300000, script: 30000}, unhandledPromptBehavior: dismiss and notify, webauthn:extension:credBlob: true, webauthn:extension:largeBlob: true, webauthn:extension:minPinLength: true, webauthn:extension:prf: true, webauthn:virtualAuthenticators: true}
Session ID: b42297d292bc21c8e7aac60c7f16148b
2023-12-20 22:04:15,896 [main] ERROR XGLT_6685_Test - Element did not become visible within the specified time: Expected condition failed: waiting for helper.WaitUtility$5@6380e9e9 (tried for 30 second(s) with 500 milliseconds interval)
Build info: version: '3.141.59', revision: 'e82be7d358', time: '2018-11-14T08:17:03'
System info: host: 'DPLAP166', ip: '137.237.3.197', os.name: 'Windows 10', os.arch: 'amd64', os.version: '10.0', java.version: '19.0.1'
Driver info: org.openqa.selenium.support.events.EventFiringWebDriver
Capabilities {acceptInsecureCerts: true, browserName: chrome, browserVersion: 120.0.6099.72, chrome: {chromedriverVersion: 120.0.6099.109 (3419140ab66..., userDataDir: C:\Users\dP-PL\AppData\Loca...}, fedcm:accounts: true, goog:chromeOptions: {debuggerAddress: localhost:60862}, javascriptEnabled: true, networkConnectionEnabled: false, pageLoadStrategy: normal, platform: WINDOWS, platformName: WINDOWS, proxy: Proxy(), setWindowRect: true, strictFileInteractability: false, timeouts: {implicit: 0, pageLoad: 300000, script: 30000}, unhandledPromptBehavior: dismiss and notify, webauthn:extension:credBlob: true, webauthn:extension:largeBlob: true, webauthn:extension:minPinLength: true, webauthn:extension:prf: true, webauthn:virtualAuthenticators: true}
Session ID: b42297d292bc21c8e7aac60c7f16148b
2023-12-20 22:04:15,896 [main] INFO  base.BaseClass - Trying to find Element By {by.toString()})
2023-12-20 22:04:15,907 [main] INFO  base.BaseClass - Found Element By {by.toString()}
2023-12-20 22:04:15,907 [main] INFO  base.BaseClass - Trying to click on: {element.toString()}
2023-12-20 22:04:16,112 [main] INFO  base.BaseClass - Clicked on: {element.toString()}
2023-12-20 22:04:16,112 [main] INFO  base.BaseClass - Trying to find Element By {by.toString()})
2023-12-20 22:04:17,336 [main] INFO  base.BaseClass - Found Element By {by.toString()}
2023-12-20 22:04:17,854 [main] INFO  base.BaseClass - Trying to find Element By {by.toString()})
2023-12-20 22:04:17,888 [main] INFO  base.BaseClass - Found Element By {by.toString()}
2023-12-20 22:04:18,423 [main] INFO  base.BaseClass - Trying to find Element By {by.toString()})
2023-12-20 22:04:18,455 [main] INFO  base.BaseClass - Found Element By {by.toString()}
2023-12-20 22:04:19,000 [main] INFO  base.BaseClass - Trying to find Element By {by.toString()})
2023-12-20 22:04:19,022 [main] INFO  base.BaseClass - Found Element By {by.toString()}
2023-12-20 22:04:19,561 [main] INFO  base.BaseClass - Trying to find Element By {by.toString()})
2023-12-20 22:04:19,592 [main] INFO  base.BaseClass - Found Element By {by.toString()}
2023-12-20 22:04:20,142 [main] INFO  base.BaseClass - Trying to find Element By {by.toString()})
2023-12-20 22:04:20,172 [main] INFO  base.BaseClass - Found Element By {by.toString()}
2023-12-20 22:04:20,713 [main] INFO  base.BaseClass - Trying to find Element By {by.toString()})
2023-12-20 22:04:20,745 [main] INFO  base.BaseClass - Found Element By {by.toString()}
2023-12-20 22:04:21,285 [main] INFO  base.BaseClass - Trying to find Element By {by.toString()})
2023-12-20 22:04:21,337 [main] INFO  base.BaseClass - Found Element By {by.toString()}
2023-12-20 22:04:21,864 [main] INFO  base.BaseClass - Trying to find Element By {by.toString()})
2023-12-20 22:04:21,892 [main] INFO  base.BaseClass - Found Element By {by.toString()}
2023-12-20 22:04:22,436 [main] INFO  base.BaseClass - Trying to find Element By {by.toString()})
2023-12-20 22:04:22,472 [main] INFO  base.BaseClass - Found Element By {by.toString()}
2023-12-20 22:04:23,006 [main] INFO  base.BaseClass - Trying to find Element By {by.toString()})
2023-12-20 22:04:23,035 [main] INFO  base.BaseClass - Found Element By {by.toString()}
2023-12-20 22:04:23,591 [main] INFO  base.BaseClass - Trying to find Element By {by.toString()})
2023-12-20 22:04:23,616 [main] INFO  base.BaseClass - Found Element By {by.toString()}
2023-12-20 22:04:24,154 [main] INFO  base.BaseClass - Trying to find Element By {by.toString()})
2023-12-20 22:04:24,184 [main] INFO  base.BaseClass - Found Element By {by.toString()}
2023-12-20 22:04:24,725 [main] INFO  base.BaseClass - Trying to find Element By {by.toString()})
2023-12-20 22:04:24,753 [main] INFO  base.BaseClass - Found Element By {by.toString()}
2023-12-20 22:04:25,303 [main] INFO  base.BaseClass - Trying to find Element By {by.toString()})
2023-12-20 22:04:25,331 [main] INFO  base.BaseClass - Found Element By {by.toString()}
2023-12-20 22:04:25,880 [main] INFO  base.BaseClass - Trying to find Element By {by.toString()})
2023-12-20 22:04:25,910 [main] INFO  base.BaseClass - Found Element By {by.toString()}
2023-12-20 22:04:26,459 [main] INFO  base.BaseClass - Trying to find Element By {by.toString()})
2023-12-20 22:04:26,487 [main] INFO  base.BaseClass - Found Element By {by.toString()}
2023-12-20 22:04:27,027 [main] INFO  base.BaseClass - Trying to find Element By {by.toString()})
2023-12-20 22:04:27,052 [main] INFO  base.BaseClass - Found Element By {by.toString()}
2023-12-20 22:04:27,592 [main] INFO  base.BaseClass - Trying to find Element By {by.toString()})
2023-12-20 22:04:27,603 [main] INFO  base.BaseClass - Found Element By {by.toString()}
2023-12-20 22:04:28,124 [main] INFO  base.BaseClass - Trying to find Element By {by.toString()})
2023-12-20 22:04:28,154 [main] INFO  base.BaseClass - Found Element By {by.toString()}
2023-12-20 22:04:28,705 [main] INFO  base.BaseClass - Trying to find Element By {by.toString()})
2023-12-20 22:04:28,737 [main] INFO  base.BaseClass - Found Element By {by.toString()}
2023-12-20 22:04:29,273 [main] INFO  base.BaseClass - Trying to find Element By {by.toString()})
2023-12-20 22:04:29,293 [main] INFO  base.BaseClass - Found Element By {by.toString()}
2023-12-20 22:04:29,837 [main] INFO  base.BaseClass - Trying to find Element By {by.toString()})
2023-12-20 22:04:29,861 [main] INFO  base.BaseClass - Found Element By {by.toString()}
2023-12-20 22:04:30,389 [main] INFO  base.BaseClass - Trying to find Element By {by.toString()})
2023-12-20 22:04:30,418 [main] INFO  base.BaseClass - Found Element By {by.toString()}
2023-12-20 22:04:30,955 [main] INFO  base.BaseClass - Trying to find Element By {by.toString()})
2023-12-20 22:04:30,982 [main] INFO  base.BaseClass - Found Element By {by.toString()}
2023-12-20 22:04:31,521 [main] INFO  base.BaseClass - Trying to find Element By {by.toString()})
2023-12-20 22:04:31,547 [main] INFO  base.BaseClass - Found Element By {by.toString()}
2023-12-20 22:04:32,085 [main] INFO  base.BaseClass - Trying to find Element By {by.toString()})
2023-12-20 22:04:32,111 [main] INFO  base.BaseClass - Found Element By {by.toString()}
2023-12-20 22:04:32,653 [main] INFO  base.BaseClass - Trying to find Element By {by.toString()})
2023-12-20 22:04:32,680 [main] INFO  base.BaseClass - Found Element By {by.toString()}
2023-12-20 22:04:33,220 [main] INFO  base.BaseClass - Trying to find Element By {by.toString()})
2023-12-20 22:04:33,243 [main] INFO  base.BaseClass - Found Element By {by.toString()}
2023-12-20 22:04:33,786 [main] INFO  base.BaseClass - Trying to find Element By {by.toString()})
2023-12-20 22:04:33,812 [main] INFO  base.BaseClass - Found Element By {by.toString()}
2023-12-20 22:04:34,349 [main] INFO  base.BaseClass - Trying to find Element By {by.toString()})
2023-12-20 22:04:34,376 [main] INFO  base.BaseClass - Found Element By {by.toString()}
2023-12-20 22:04:34,913 [main] INFO  base.BaseClass - Trying to find Element By {by.toString()})
2023-12-20 22:04:34,924 [main] INFO  base.BaseClass - Found Element By {by.toString()}
2023-12-20 22:04:35,442 [main] INFO  base.BaseClass - Trying to find Element By {by.toString()})
2023-12-20 22:04:35,452 [main] INFO  base.BaseClass - Found Element By {by.toString()}
2023-12-20 22:04:35,974 [main] INFO  base.BaseClass - Trying to find Element By {by.toString()})
2023-12-20 22:04:36,002 [main] INFO  base.BaseClass - Found Element By {by.toString()}
2023-12-20 22:04:36,553 [main] INFO  base.BaseClass - Trying to find Element By {by.toString()})
2023-12-20 22:04:36,580 [main] INFO  base.BaseClass - Found Element By {by.toString()}
2023-12-20 22:04:37,105 [main] INFO  base.BaseClass - Trying to find Element By {by.toString()})
2023-12-20 22:04:37,133 [main] INFO  base.BaseClass - Found Element By {by.toString()}
2023-12-20 22:04:37,671 [main] INFO  base.BaseClass - Trying to find Element By {by.toString()})
2023-12-20 22:04:37,695 [main] INFO  base.BaseClass - Found Element By {by.toString()}
2023-12-20 22:04:38,236 [main] INFO  base.BaseClass - Trying to find Element By {by.toString()})
2023-12-20 22:04:38,249 [main] INFO  base.BaseClass - Found Element By {by.toString()}
2023-12-20 22:04:38,770 [main] INFO  base.BaseClass - Trying to find Element By {by.toString()})
2023-12-20 22:04:38,798 [main] INFO  base.BaseClass - Found Element By {by.toString()}
2023-12-20 22:04:39,325 [main] INFO  base.BaseClass - Trying to find Element By {by.toString()})
2023-12-20 22:04:39,354 [main] INFO  base.BaseClass - Found Element By {by.toString()}
2023-12-20 22:04:39,904 [main] INFO  base.BaseClass - Trying to find Element By {by.toString()})
2023-12-20 22:04:39,934 [main] INFO  base.BaseClass - Found Element By {by.toString()}
2023-12-20 22:04:40,486 [main] INFO  base.BaseClass - Trying to find Element By {by.toString()})
2023-12-20 22:04:40,514 [main] INFO  base.BaseClass - Found Element By {by.toString()}
2023-12-20 22:04:41,051 [main] INFO  base.BaseClass - Trying to find Element By {by.toString()})
2023-12-20 22:04:41,078 [main] INFO  base.BaseClass - Found Element By {by.toString()}
2023-12-20 22:04:41,618 [main] INFO  base.BaseClass - Trying to find Element By {by.toString()})
2023-12-20 22:04:41,643 [main] INFO  base.BaseClass - Found Element By {by.toString()}
2023-12-20 22:04:42,183 [main] INFO  base.BaseClass - Trying to find Element By {by.toString()})
2023-12-20 22:04:42,210 [main] INFO  base.BaseClass - Found Element By {by.toString()}
2023-12-20 22:04:42,748 [main] INFO  base.BaseClass - Trying to find Element By {by.toString()})
2023-12-20 22:04:42,774 [main] INFO  base.BaseClass - Found Element By {by.toString()}
2023-12-20 22:04:43,311 [main] INFO  base.BaseClass - Trying to find Element By {by.toString()})
2023-12-20 22:04:43,337 [main] INFO  base.BaseClass - Found Element By {by.toString()}
2023-12-20 22:04:43,876 [main] INFO  base.BaseClass - Trying to find Element By {by.toString()})
2023-12-20 22:04:43,902 [main] INFO  base.BaseClass - Found Element By {by.toString()}
2023-12-20 22:04:44,437 [main] INFO  base.BaseClass - Trying to find Element By {by.toString()})
2023-12-20 22:04:44,463 [main] INFO  base.BaseClass - Found Element By {by.toString()}
2023-12-20 22:04:45,001 [main] INFO  base.BaseClass - Trying to find Element By {by.toString()})
2023-12-20 22:04:45,022 [main] INFO  base.BaseClass - Found Element By {by.toString()}
2023-12-20 22:04:45,563 [main] INFO  base.BaseClass - Trying to find Element By {by.toString()})
2023-12-20 22:04:45,588 [main] INFO  base.BaseClass - Found Element By {by.toString()}
2023-12-20 22:04:46,130 [main] INFO  base.BaseClass - Trying to find Element By {by.toString()})
2023-12-20 22:04:46,158 [main] INFO  base.BaseClass - Found Element By {by.toString()}
TimeoutException occurred: Expected condition failed: waiting for helper.WaitUtility$5@71b26880 (tried for 30 second(s) with 500 milliseconds interval)
Build info: version: '3.141.59', revision: 'e82be7d358', time: '2018-11-14T08:17:03'
System info: host: 'DPLAP166', ip: '137.237.3.197', os.name: 'Windows 10', os.arch: 'amd64', os.version: '10.0', java.version: '19.0.1'
Driver info: org.openqa.selenium.support.events.EventFiringWebDriver
Capabilities {acceptInsecureCerts: true, browserName: chrome, browserVersion: 120.0.6099.72, chrome: {chromedriverVersion: 120.0.6099.109 (3419140ab66..., userDataDir: C:\Users\dP-PL\AppData\Loca...}, fedcm:accounts: true, goog:chromeOptions: {debuggerAddress: localhost:60862}, javascriptEnabled: true, networkConnectionEnabled: false, pageLoadStrategy: normal, platform: WINDOWS, platformName: WINDOWS, proxy: Proxy(), setWindowRect: true, strictFileInteractability: false, timeouts: {implicit: 0, pageLoad: 300000, script: 30000}, unhandledPromptBehavior: dismiss and notify, webauthn:extension:credBlob: true, webauthn:extension:largeBlob: true, webauthn:extension:minPinLength: true, webauthn:extension:prf: true, webauthn:virtualAuthenticators: true}
Session ID: b42297d292bc21c8e7aac60c7f16148b
2023-12-20 22:04:46,196 [main] ERROR XGLT_6685_Test - Element did not become visible within the specified time: Expected condition failed: waiting for helper.WaitUtility$5@71b26880 (tried for 30 second(s) with 500 milliseconds interval)
Build info: version: '3.141.59', revision: 'e82be7d358', time: '2018-11-14T08:17:03'
System info: host: 'DPLAP166', ip: '137.237.3.197', os.name: 'Windows 10', os.arch: 'amd64', os.version: '10.0', java.version: '19.0.1'
Driver info: org.openqa.selenium.support.events.EventFiringWebDriver
Capabilities {acceptInsecureCerts: true, browserName: chrome, browserVersion: 120.0.6099.72, chrome: {chromedriverVersion: 120.0.6099.109 (3419140ab66..., userDataDir: C:\Users\dP-PL\AppData\Loca...}, fedcm:accounts: true, goog:chromeOptions: {debuggerAddress: localhost:60862}, javascriptEnabled: true, networkConnectionEnabled: false, pageLoadStrategy: normal, platform: WINDOWS, platformName: WINDOWS, proxy: Proxy(), setWindowRect: true, strictFileInteractability: false, timeouts: {implicit: 0, pageLoad: 300000, script: 30000}, unhandledPromptBehavior: dismiss and notify, webauthn:extension:credBlob: true, webauthn:extension:largeBlob: true, webauthn:extension:minPinLength: true, webauthn:extension:prf: true, webauthn:virtualAuthenticators: true}
Session ID: b42297d292bc21c8e7aac60c7f16148b
2023-12-20 22:04:46,213 [main] INFO  base.BaseClass - Trying to find Element By {by.toString()})
2023-12-20 22:04:46,235 [main] INFO  base.BaseClass - Found Element By {by.toString()}
2023-12-20 22:04:46,251 [main] INFO  base.BaseClass - Trying to find Element By {by.toString()})
2023-12-20 22:04:46,270 [main] INFO  base.BaseClass - Found Element By {by.toString()}
2023-12-20 22:04:46,301 [main] INFO  base.BaseClass - Trying to find Element By {by.toString()})
2023-12-20 22:04:46,330 [main] INFO  base.BaseClass - Found Element By {by.toString()}
last page in current selection is 8
2023-12-20 22:04:46,348 [main] INFO  base.BaseClass - Trying to find Element By {by.toString()})
2023-12-20 22:04:46,373 [main] INFO  base.BaseClass - Found Element By {by.toString()}
TimeoutException occurred: Expected condition failed: waiting for helper.WaitUtility$5@4a9bce99 (tried for 30 second(s) with 500 milliseconds interval)
Build info: version: '3.141.59', revision: 'e82be7d358', time: '2018-11-14T08:17:03'
System info: host: 'DPLAP166', ip: '137.237.3.197', os.name: 'Windows 10', os.arch: 'amd64', os.version: '10.0', java.version: '19.0.1'
Driver info: org.openqa.selenium.support.events.EventFiringWebDriver
Capabilities {acceptInsecureCerts: true, browserName: chrome, browserVersion: 120.0.6099.72, chrome: {chromedriverVersion: 120.0.6099.109 (3419140ab66..., userDataDir: C:\Users\dP-PL\AppData\Loca...}, fedcm:accounts: true, goog:chromeOptions: {debuggerAddress: localhost:60862}, javascriptEnabled: true, networkConnectionEnabled: false, pageLoadStrategy: normal, platform: WINDOWS, platformName: WINDOWS, proxy: Proxy(), setWindowRect: true, strictFileInteractability: false, timeouts: {implicit: 0, pageLoad: 300000, script: 30000}, unhandledPromptBehavior: dismiss and notify, webauthn:extension:credBlob: true, webauthn:extension:largeBlob: true, webauthn:extension:minPinLength: true, webauthn:extension:prf: true, webauthn:virtualAuthenticators: true}
Session ID: b42297d292bc21c8e7aac60c7f16148b
2023-12-20 22:05:16,541 [main] ERROR XGLT_6685_Test - Element did not become visible within the specified time: Expected condition failed: waiting for helper.WaitUtility$5@4a9bce99 (tried for 30 second(s) with 500 milliseconds interval)
Build info: version: '3.141.59', revision: 'e82be7d358', time: '2018-11-14T08:17:03'
System info: host: 'DPLAP166', ip: '137.237.3.197', os.name: 'Windows 10', os.arch: 'amd64', os.version: '10.0', java.version: '19.0.1'
Driver info: org.openqa.selenium.support.events.EventFiringWebDriver
Capabilities {acceptInsecureCerts: true, browserName: chrome, browserVersion: 120.0.6099.72, chrome: {chromedriverVersion: 120.0.6099.109 (3419140ab66..., userDataDir: C:\Users\dP-PL\AppData\Loca...}, fedcm:accounts: true, goog:chromeOptions: {debuggerAddress: localhost:60862}, javascriptEnabled: true, networkConnectionEnabled: false, pageLoadStrategy: normal, platform: WINDOWS, platformName: WINDOWS, proxy: Proxy(), setWindowRect: true, strictFileInteractability: false, timeouts: {implicit: 0, pageLoad: 300000, script: 30000}, unhandledPromptBehavior: dismiss and notify, webauthn:extension:credBlob: true, webauthn:extension:largeBlob: true, webauthn:extension:minPinLength: true, webauthn:extension:prf: true, webauthn:virtualAuthenticators: true}
Session ID: b42297d292bc21c8e7aac60c7f16148b
2023-12-20 22:05:16,542 [main] INFO  base.BaseClass - Trying to click on: {element.toString()}
2023-12-20 22:05:16,649 [main] INFO  base.BaseClass - Clicked on: {element.toString()}
2023-12-20 22:05:16,649 [main] INFO  base.BaseClass - Trying to find Element By {by.toString()})
2023-12-20 22:05:16,659 [main] INFO  base.BaseClass - Found Element By {by.toString()}
2023-12-20 22:05:17,183 [main] INFO  base.BaseClass - Trying to find Element By {by.toString()})
2023-12-20 22:05:17,213 [main] INFO  base.BaseClass - Found Element By {by.toString()}
2023-12-20 22:05:17,749 [main] INFO  base.BaseClass - Trying to find Element By {by.toString()})
2023-12-20 22:05:17,776 [main] INFO  base.BaseClass - Found Element By {by.toString()}
2023-12-20 22:05:18,314 [main] INFO  base.BaseClass - Trying to find Element By {by.toString()})
2023-12-20 22:05:18,338 [main] INFO  base.BaseClass - Found Element By {by.toString()}
2023-12-20 22:05:18,881 [main] INFO  base.BaseClass - Trying to find Element By {by.toString()})
2023-12-20 22:05:18,901 [main] INFO  base.BaseClass - Found Element By {by.toString()}
2023-12-20 22:05:19,434 [main] INFO  base.BaseClass - Trying to find Element By {by.toString()})
2023-12-20 22:05:19,452 [main] INFO  base.BaseClass - Found Element By {by.toString()}
2023-12-20 22:05:19,984 [main] INFO  base.BaseClass - Trying to find Element By {by.toString()})
2023-12-20 22:05:20,008 [main] INFO  base.BaseClass - Found Element By {by.toString()}
2023-12-20 22:05:20,535 [main] INFO  base.BaseClass - Trying to find Element By {by.toString()})
2023-12-20 22:05:20,563 [main] INFO  base.BaseClass - Found Element By {by.toString()}
2023-12-20 22:05:21,099 [main] INFO  base.BaseClass - Trying to find Element By {by.toString()})
2023-12-20 22:05:21,125 [main] INFO  base.BaseClass - Found Element By {by.toString()}
2023-12-20 22:05:21,664 [main] INFO  base.BaseClass - Trying to find Element By {by.toString()})
2023-12-20 22:05:21,693 [main] INFO  base.BaseClass - Found Element By {by.toString()}
2023-12-20 22:05:22,230 [main] INFO  base.BaseClass - Trying to find Element By {by.toString()})
2023-12-20 22:05:22,265 [main] INFO  base.BaseClass - Found Element By {by.toString()}
2023-12-20 22:05:22,797 [main] INFO  base.BaseClass - Trying to find Element By {by.toString()})
2023-12-20 22:05:22,817 [main] INFO  base.BaseClass - Found Element By {by.toString()}
2023-12-20 22:05:23,360 [main] INFO  base.BaseClass - Trying to find Element By {by.toString()})
2023-12-20 22:05:23,378 [main] INFO  base.BaseClass - Found Element By {by.toString()}
2023-12-20 22:05:23,899 [main] INFO  base.BaseClass - Trying to find Element By {by.toString()})
2023-12-20 22:05:23,926 [main] INFO  base.BaseClass - Found Element By {by.toString()}
2023-12-20 22:05:24,469 [main] INFO  base.BaseClass - Trying to find Element By {by.toString()})
2023-12-20 22:05:24,492 [main] INFO  base.BaseClass - Found Element By {by.toString()}
2023-12-20 22:05:25,020 [main] INFO  base.BaseClass - Trying to find Element By {by.toString()})
2023-12-20 22:05:25,047 [main] INFO  base.BaseClass - Found Element By {by.toString()}
2023-12-20 22:05:25,585 [main] INFO  base.BaseClass - Trying to find Element By {by.toString()})
2023-12-20 22:05:25,605 [main] INFO  base.BaseClass - Found Element By {by.toString()}
2023-12-20 22:05:26,133 [main] INFO  base.BaseClass - Trying to find Element By {by.toString()})
2023-12-20 22:05:26,155 [main] INFO  base.BaseClass - Found Element By {by.toString()}
2023-12-20 22:05:26,696 [main] INFO  base.BaseClass - Trying to find Element By {by.toString()})
2023-12-20 22:05:26,724 [main] INFO  base.BaseClass - Found Element By {by.toString()}
2023-12-20 22:05:27,262 [main] INFO  base.BaseClass - Trying to find Element By {by.toString()})
2023-12-20 22:05:27,286 [main] INFO  base.BaseClass - Found Element By {by.toString()}
2023-12-20 22:05:27,830 [main] INFO  base.BaseClass - Trying to find Element By {by.toString()})
2023-12-20 22:05:27,851 [main] INFO  base.BaseClass - Found Element By {by.toString()}
2023-12-20 22:05:28,380 [main] INFO  base.BaseClass - Trying to find Element By {by.toString()})
2023-12-20 22:05:28,406 [main] INFO  base.BaseClass - Found Element By {by.toString()}
2023-12-20 22:05:28,946 [main] INFO  base.BaseClass - Trying to find Element By {by.toString()})
2023-12-20 22:05:28,972 [main] INFO  base.BaseClass - Found Element By {by.toString()}
2023-12-20 22:05:29,514 [main] INFO  base.BaseClass - Trying to find Element By {by.toString()})
2023-12-20 22:05:29,538 [main] INFO  base.BaseClass - Found Element By {by.toString()}
2023-12-20 22:05:30,078 [main] INFO  base.BaseClass - Trying to find Element By {by.toString()})
2023-12-20 22:05:30,102 [main] INFO  base.BaseClass - Found Element By {by.toString()}
2023-12-20 22:05:30,643 [main] INFO  base.BaseClass - Trying to find Element By {by.toString()})
2023-12-20 22:05:30,667 [main] INFO  base.BaseClass - Found Element By {by.toString()}
2023-12-20 22:05:31,198 [main] INFO  base.BaseClass - Trying to find Element By {by.toString()})
2023-12-20 22:05:31,225 [main] INFO  base.BaseClass - Found Element By {by.toString()}
2023-12-20 22:05:31,758 [main] INFO  base.BaseClass - Trying to find Element By {by.toString()})
2023-12-20 22:05:31,783 [main] INFO  base.BaseClass - Found Element By {by.toString()}
2023-12-20 22:05:32,323 [main] INFO  base.BaseClass - Trying to find Element By {by.toString()})
2023-12-20 22:05:32,347 [main] INFO  base.BaseClass - Found Element By {by.toString()}
2023-12-20 22:05:32,886 [main] INFO  base.BaseClass - Trying to find Element By {by.toString()})
2023-12-20 22:05:32,910 [main] INFO  base.BaseClass - Found Element By {by.toString()}
2023-12-20 22:05:33,451 [main] INFO  base.BaseClass - Trying to find Element By {by.toString()})
2023-12-20 22:05:33,480 [main] INFO  base.BaseClass - Found Element By {by.toString()}
2023-12-20 22:05:34,019 [main] INFO  base.BaseClass - Trying to find Element By {by.toString()})
2023-12-20 22:05:34,043 [main] INFO  base.BaseClass - Found Element By {by.toString()}
2023-12-20 22:05:34,584 [main] INFO  base.BaseClass - Trying to find Element By {by.toString()})
2023-12-20 22:05:34,604 [main] INFO  base.BaseClass - Found Element By {by.toString()}
2023-12-20 22:05:35,132 [main] INFO  base.BaseClass - Trying to find Element By {by.toString()})
2023-12-20 22:05:35,157 [main] INFO  base.BaseClass - Found Element By {by.toString()}
2023-12-20 22:05:35,696 [main] INFO  base.BaseClass - Trying to find Element By {by.toString()})
2023-12-20 22:05:35,721 [main] INFO  base.BaseClass - Found Element By {by.toString()}
2023-12-20 22:05:36,265 [main] INFO  base.BaseClass - Trying to find Element By {by.toString()})
2023-12-20 22:05:36,290 [main] INFO  base.BaseClass - Found Element By {by.toString()}
2023-12-20 22:05:36,832 [main] INFO  base.BaseClass - Trying to find Element By {by.toString()})
2023-12-20 22:05:36,863 [main] INFO  base.BaseClass - Found Element By {by.toString()}
2023-12-20 22:05:37,395 [main] INFO  base.BaseClass - Trying to find Element By {by.toString()})
2023-12-20 22:05:37,420 [main] INFO  base.BaseClass - Found Element By {by.toString()}
2023-12-20 22:05:37,959 [main] INFO  base.BaseClass - Trying to find Element By {by.toString()})
2023-12-20 22:05:37,978 [main] INFO  base.BaseClass - Found Element By {by.toString()}
2023-12-20 22:05:38,508 [main] INFO  base.BaseClass - Trying to find Element By {by.toString()})
2023-12-20 22:05:38,534 [main] INFO  base.BaseClass - Found Element By {by.toString()}
2023-12-20 22:05:39,072 [main] INFO  base.BaseClass - Trying to find Element By {by.toString()})
2023-12-20 22:05:39,098 [main] INFO  base.BaseClass - Found Element By {by.toString()}
2023-12-20 22:05:39,640 [main] INFO  base.BaseClass - Trying to find Element By {by.toString()})
2023-12-20 22:05:39,666 [main] INFO  base.BaseClass - Found Element By {by.toString()}
2023-12-20 22:05:40,207 [main] INFO  base.BaseClass - Trying to find Element By {by.toString()})
2023-12-20 22:05:40,235 [main] INFO  base.BaseClass - Found Element By {by.toString()}
2023-12-20 22:05:40,785 [main] INFO  base.BaseClass - Trying to find Element By {by.toString()})
2023-12-20 22:05:40,810 [main] INFO  base.BaseClass - Found Element By {by.toString()}
2023-12-20 22:05:41,352 [main] INFO  base.BaseClass - Trying to find Element By {by.toString()})
2023-12-20 22:05:41,376 [main] INFO  base.BaseClass - Found Element By {by.toString()}
2023-12-20 22:05:41,901 [main] INFO  base.BaseClass - Trying to find Element By {by.toString()})
2023-12-20 22:05:41,925 [main] INFO  base.BaseClass - Found Element By {by.toString()}
2023-12-20 22:05:42,467 [main] INFO  base.BaseClass - Trying to find Element By {by.toString()})
2023-12-20 22:05:42,493 [main] INFO  base.BaseClass - Found Element By {by.toString()}
2023-12-20 22:05:43,028 [main] INFO  base.BaseClass - Trying to find Element By {by.toString()})
2023-12-20 22:05:43,055 [main] INFO  base.BaseClass - Found Element By {by.toString()}
2023-12-20 22:05:43,595 [main] INFO  base.BaseClass - Trying to find Element By {by.toString()})
2023-12-20 22:05:43,622 [main] INFO  base.BaseClass - Found Element By {by.toString()}
2023-12-20 22:05:44,156 [main] INFO  base.BaseClass - Trying to find Element By {by.toString()})
2023-12-20 22:05:44,182 [main] INFO  base.BaseClass - Found Element By {by.toString()}
2023-12-20 22:05:44,721 [main] INFO  base.BaseClass - Trying to find Element By {by.toString()})
2023-12-20 22:05:44,747 [main] INFO  base.BaseClass - Found Element By {by.toString()}
2023-12-20 22:05:45,286 [main] INFO  base.BaseClass - Trying to find Element By {by.toString()})
2023-12-20 22:05:45,310 [main] INFO  base.BaseClass - Found Element By {by.toString()}
2023-12-20 22:05:45,852 [main] INFO  base.BaseClass - Trying to find Element By {by.toString()})
2023-12-20 22:05:45,874 [main] INFO  base.BaseClass - Found Element By {by.toString()}
2023-12-20 22:05:46,418 [main] INFO  base.BaseClass - Trying to find Element By {by.toString()})
2023-12-20 22:05:46,443 [main] INFO  base.BaseClass - Found Element By {by.toString()}
2023-12-20 22:05:46,985 [main] INFO  base.BaseClass - Trying to find Element By {by.toString()})
2023-12-20 22:05:47,015 [main] INFO  base.BaseClass - Found Element By {by.toString()}
TimeoutException occurred: Expected condition failed: waiting for helper.WaitUtility$5@192f5f39 (tried for 30 second(s) with 500 milliseconds interval)
Build info: version: '3.141.59', revision: 'e82be7d358', time: '2018-11-14T08:17:03'
System info: host: 'DPLAP166', ip: '137.237.3.197', os.name: 'Windows 10', os.arch: 'amd64', os.version: '10.0', java.version: '19.0.1'
Driver info: org.openqa.selenium.support.events.EventFiringWebDriver
Capabilities {acceptInsecureCerts: true, browserName: chrome, browserVersion: 120.0.6099.72, chrome: {chromedriverVersion: 120.0.6099.109 (3419140ab66..., userDataDir: C:\Users\dP-PL\AppData\Loca...}, fedcm:accounts: true, goog:chromeOptions: {debuggerAddress: localhost:60862}, javascriptEnabled: true, networkConnectionEnabled: false, pageLoadStrategy: normal, platform: WINDOWS, platformName: WINDOWS, proxy: Proxy(), setWindowRect: true, strictFileInteractability: false, timeouts: {implicit: 0, pageLoad: 300000, script: 30000}, unhandledPromptBehavior: dismiss and notify, webauthn:extension:credBlob: true, webauthn:extension:largeBlob: true, webauthn:extension:minPinLength: true, webauthn:extension:prf: true, webauthn:virtualAuthenticators: true}
Session ID: b42297d292bc21c8e7aac60c7f16148b
2023-12-20 22:05:47,048 [main] ERROR XGLT_6685_Test - Element did not become visible within the specified time: Expected condition failed: waiting for helper.WaitUtility$5@192f5f39 (tried for 30 second(s) with 500 milliseconds interval)
Build info: version: '3.141.59', revision: 'e82be7d358', time: '2018-11-14T08:17:03'
System info: host: 'DPLAP166', ip: '137.237.3.197', os.name: 'Windows 10', os.arch: 'amd64', os.version: '10.0', java.version: '19.0.1'
Driver info: org.openqa.selenium.support.events.EventFiringWebDriver
Capabilities {acceptInsecureCerts: true, browserName: chrome, browserVersion: 120.0.6099.72, chrome: {chromedriverVersion: 120.0.6099.109 (3419140ab66..., userDataDir: C:\Users\dP-PL\AppData\Loca...}, fedcm:accounts: true, goog:chromeOptions: {debuggerAddress: localhost:60862}, javascriptEnabled: true, networkConnectionEnabled: false, pageLoadStrategy: normal, platform: WINDOWS, platformName: WINDOWS, proxy: Proxy(), setWindowRect: true, strictFileInteractability: false, timeouts: {implicit: 0, pageLoad: 300000, script: 30000}, unhandledPromptBehavior: dismiss and notify, webauthn:extension:credBlob: true, webauthn:extension:largeBlob: true, webauthn:extension:minPinLength: true, webauthn:extension:prf: true, webauthn:virtualAuthenticators: true}
Session ID: b42297d292bc21c8e7aac60c7f16148b
2023-12-20 22:05:47,077 [main] INFO  base.BaseClass - Trying to find Element By {by.toString()})
2023-12-20 22:05:47,092 [main] INFO  base.BaseClass - Found Element By {by.toString()}
Height is 2670
2023-12-20 22:05:47,103 [main] INFO  base.BaseClass - Trying to find Element By {by.toString()})
2023-12-20 22:05:47,139 [main] INFO  base.BaseClass - Found Element By {by.toString()}
Customer page count for active revenue is 789
2023-12-20 22:05:47,140 [main] INFO  base.BaseClass - Trying to find Element By {by.toString()})
2023-12-20 22:05:47,191 [main] INFO  base.BaseClass - Found Element By {by.toString()}
2023-12-20 22:05:47,199 [main] INFO  base.BaseClass - Trying to find Element By {by.toString()})
2023-12-20 22:05:47,208 [main] INFO  base.BaseClass - Found Element By {by.toString()}
2023-12-20 22:05:47,226 [main] INFO  base.BaseClass - Trying to find Element By {by.toString()})
2023-12-20 22:05:47,245 [main] INFO  base.BaseClass - Found Element By {by.toString()}
last page in current selection is 8
2023-12-20 22:05:47,264 [main] INFO  base.BaseClass - Trying to find Element By {by.toString()})
2023-12-20 22:05:47,283 [main] INFO  base.BaseClass - Found Element By {by.toString()}
TimeoutException occurred: Expected condition failed: waiting for helper.WaitUtility$5@2aafa84f (tried for 30 second(s) with 500 milliseconds interval)
Build info: version: '3.141.59', revision: 'e82be7d358', time: '2018-11-14T08:17:03'
System info: host: 'DPLAP166', ip: '137.237.3.197', os.name: 'Windows 10', os.arch: 'amd64', os.version: '10.0', java.version: '19.0.1'
Driver info: org.openqa.selenium.support.events.EventFiringWebDriver
Capabilities {acceptInsecureCerts: true, browserName: chrome, browserVersion: 120.0.6099.72, chrome: {chromedriverVersion: 120.0.6099.109 (3419140ab66..., userDataDir: C:\Users\dP-PL\AppData\Loca...}, fedcm:accounts: true, goog:chromeOptions: {debuggerAddress: localhost:60862}, javascriptEnabled: true, networkConnectionEnabled: false, pageLoadStrategy: normal, platform: WINDOWS, platformName: WINDOWS, proxy: Proxy(), setWindowRect: true, strictFileInteractability: false, timeouts: {implicit: 0, pageLoad: 300000, script: 30000}, unhandledPromptBehavior: dismiss and notify, webauthn:extension:credBlob: true, webauthn:extension:largeBlob: true, webauthn:extension:minPinLength: true, webauthn:extension:prf: true, webauthn:virtualAuthenticators: true}
Session ID: b42297d292bc21c8e7aac60c7f16148b
2023-12-20 22:06:17,381 [main] ERROR XGLT_6685_Test - Element did not become visible within the specified time: Expected condition failed: waiting for helper.WaitUtility$5@2aafa84f (tried for 30 second(s) with 500 milliseconds interval)
Build info: version: '3.141.59', revision: 'e82be7d358', time: '2018-11-14T08:17:03'
System info: host: 'DPLAP166', ip: '137.237.3.197', os.name: 'Windows 10', os.arch: 'amd64', os.version: '10.0', java.version: '19.0.1'
Driver info: org.openqa.selenium.support.events.EventFiringWebDriver
Capabilities {acceptInsecureCerts: true, browserName: chrome, browserVersion: 120.0.6099.72, chrome: {chromedriverVersion: 120.0.6099.109 (3419140ab66..., userDataDir: C:\Users\dP-PL\AppData\Loca...}, fedcm:accounts: true, goog:chromeOptions: {debuggerAddress: localhost:60862}, javascriptEnabled: true, networkConnectionEnabled: false, pageLoadStrategy: normal, platform: WINDOWS, platformName: WINDOWS, proxy: Proxy(), setWindowRect: true, strictFileInteractability: false, timeouts: {implicit: 0, pageLoad: 300000, script: 30000}, unhandledPromptBehavior: dismiss and notify, webauthn:extension:credBlob: true, webauthn:extension:largeBlob: true, webauthn:extension:minPinLength: true, webauthn:extension:prf: true, webauthn:virtualAuthenticators: true}
Session ID: b42297d292bc21c8e7aac60c7f16148b
2023-12-20 22:06:17,381 [main] INFO  base.BaseClass - Trying to click on: {element.toString()}
2023-12-20 22:06:17,444 [main] INFO  base.BaseClass - Clicked on: {element.toString()}
2023-12-20 22:06:17,444 [main] INFO  base.BaseClass - Trying to find Element By {by.toString()})
2023-12-20 22:06:17,460 [main] INFO  base.BaseClass - Found Element By {by.toString()}
2023-12-20 22:06:17,994 [main] INFO  base.BaseClass - Trying to find Element By {by.toString()})
2023-12-20 22:06:18,022 [main] INFO  base.BaseClass - Found Element By {by.toString()}
2023-12-20 22:06:18,562 [main] INFO  base.BaseClass - Trying to find Element By {by.toString()})
2023-12-20 22:06:18,588 [main] INFO  base.BaseClass - Found Element By {by.toString()}
2023-12-20 22:06:19,126 [main] INFO  base.BaseClass - Trying to find Element By {by.toString()})
2023-12-20 22:06:19,144 [main] INFO  base.BaseClass - Found Element By {by.toString()}
2023-12-20 22:06:19,694 [main] INFO  base.BaseClass - Trying to find Element By {by.toString()})
2023-12-20 22:06:19,719 [main] INFO  base.BaseClass - Found Element By {by.toString()}
2023-12-20 22:06:20,262 [main] INFO  base.BaseClass - Trying to find Element By {by.toString()})
2023-12-20 22:06:20,284 [main] INFO  base.BaseClass - Found Element By {by.toString()}
2023-12-20 22:06:20,828 [main] INFO  base.BaseClass - Trying to find Element By {by.toString()})
2023-12-20 22:06:20,852 [main] INFO  base.BaseClass - Found Element By {by.toString()}
2023-12-20 22:06:21,392 [main] INFO  base.BaseClass - Trying to find Element By {by.toString()})
2023-12-20 22:06:21,416 [main] INFO  base.BaseClass - Found Element By {by.toString()}
2023-12-20 22:06:21,961 [main] INFO  base.BaseClass - Trying to find Element By {by.toString()})
2023-12-20 22:06:21,986 [main] INFO  base.BaseClass - Found Element By {by.toString()}
2023-12-20 22:06:22,512 [main] INFO  base.BaseClass - Trying to find Element By {by.toString()})
2023-12-20 22:06:22,534 [main] INFO  base.BaseClass - Found Element By {by.toString()}
2023-12-20 22:06:23,062 [main] INFO  base.BaseClass - Trying to find Element By {by.toString()})
2023-12-20 22:06:23,086 [main] INFO  base.BaseClass - Found Element By {by.toString()}
2023-12-20 22:06:23,625 [main] INFO  base.BaseClass - Trying to find Element By {by.toString()})
2023-12-20 22:06:23,649 [main] INFO  base.BaseClass - Found Element By {by.toString()}
2023-12-20 22:06:24,190 [main] INFO  base.BaseClass - Trying to find Element By {by.toString()})
2023-12-20 22:06:24,213 [main] INFO  base.BaseClass - Found Element By {by.toString()}
2023-12-20 22:06:24,757 [main] INFO  base.BaseClass - Trying to find Element By {by.toString()})
2023-12-20 22:06:24,793 [main] INFO  base.BaseClass - Found Element By {by.toString()}
2023-12-20 22:06:25,310 [main] INFO  base.BaseClass - Trying to find Element By {by.toString()})
2023-12-20 22:06:25,336 [main] INFO  base.BaseClass - Found Element By {by.toString()}
2023-12-20 22:06:25,877 [main] INFO  base.BaseClass - Trying to find Element By {by.toString()})
2023-12-20 22:06:25,903 [main] INFO  base.BaseClass - Found Element By {by.toString()}
2023-12-20 22:06:26,447 [main] INFO  base.BaseClass - Trying to find Element By {by.toString()})
2023-12-20 22:06:26,473 [main] INFO  base.BaseClass - Found Element By {by.toString()}
2023-12-20 22:06:27,011 [main] INFO  base.BaseClass - Trying to find Element By {by.toString()})
2023-12-20 22:06:27,036 [main] INFO  base.BaseClass - Found Element By {by.toString()}
2023-12-20 22:06:27,575 [main] INFO  base.BaseClass - Trying to find Element By {by.toString()})
2023-12-20 22:06:27,601 [main] INFO  base.BaseClass - Found Element By {by.toString()}
2023-12-20 22:06:28,139 [main] INFO  base.BaseClass - Trying to find Element By {by.toString()})
2023-12-20 22:06:28,164 [main] INFO  base.BaseClass - Found Element By {by.toString()}
2023-12-20 22:06:28,702 [main] INFO  base.BaseClass - Trying to find Element By {by.toString()})
2023-12-20 22:06:28,726 [main] INFO  base.BaseClass - Found Element By {by.toString()}
2023-12-20 22:06:29,267 [main] INFO  base.BaseClass - Trying to find Element By {by.toString()})
2023-12-20 22:06:29,293 [main] INFO  base.BaseClass - Found Element By {by.toString()}
2023-12-20 22:06:29,829 [main] INFO  base.BaseClass - Trying to find Element By {by.toString()})
2023-12-20 22:06:29,854 [main] INFO  base.BaseClass - Found Element By {by.toString()}
2023-12-20 22:06:30,397 [main] INFO  base.BaseClass - Trying to find Element By {by.toString()})
2023-12-20 22:06:30,421 [main] INFO  base.BaseClass - Found Element By {by.toString()}
2023-12-20 22:06:30,963 [main] INFO  base.BaseClass - Trying to find Element By {by.toString()})
2023-12-20 22:06:30,988 [main] INFO  base.BaseClass - Found Element By {by.toString()}
2023-12-20 22:06:31,527 [main] INFO  base.BaseClass - Trying to find Element By {by.toString()})
2023-12-20 22:06:31,553 [main] INFO  base.BaseClass - Found Element By {by.toString()}
2023-12-20 22:06:32,094 [main] INFO  base.BaseClass - Trying to find Element By {by.toString()})
2023-12-20 22:06:32,123 [main] INFO  base.BaseClass - Found Element By {by.toString()}
2023-12-20 22:06:32,660 [main] INFO  base.BaseClass - Trying to find Element By {by.toString()})
2023-12-20 22:06:32,684 [main] INFO  base.BaseClass - Found Element By {by.toString()}
2023-12-20 22:06:33,228 [main] INFO  base.BaseClass - Trying to find Element By {by.toString()})
2023-12-20 22:06:33,253 [main] INFO  base.BaseClass - Found Element By {by.toString()}
2023-12-20 22:06:33,793 [main] INFO  base.BaseClass - Trying to find Element By {by.toString()})
2023-12-20 22:06:33,812 [main] INFO  base.BaseClass - Found Element By {by.toString()}
2023-12-20 22:06:34,345 [main] INFO  base.BaseClass - Trying to find Element By {by.toString()})
2023-12-20 22:06:34,370 [main] INFO  base.BaseClass - Found Element By {by.toString()}
2023-12-20 22:06:34,913 [main] INFO  base.BaseClass - Trying to find Element By {by.toString()})
2023-12-20 22:06:34,938 [main] INFO  base.BaseClass - Found Element By {by.toString()}
2023-12-20 22:06:35,479 [main] INFO  base.BaseClass - Trying to find Element By {by.toString()})
2023-12-20 22:06:35,504 [main] INFO  base.BaseClass - Found Element By {by.toString()}
2023-12-20 22:06:36,043 [main] INFO  base.BaseClass - Trying to find Element By {by.toString()})
2023-12-20 22:06:36,068 [main] INFO  base.BaseClass - Found Element By {by.toString()}
2023-12-20 22:06:36,608 [main] INFO  base.BaseClass - Trying to find Element By {by.toString()})
2023-12-20 22:06:36,634 [main] INFO  base.BaseClass - Found Element By {by.toString()}
2023-12-20 22:06:37,172 [main] INFO  base.BaseClass - Trying to find Element By {by.toString()})
2023-12-20 22:06:37,192 [main] INFO  base.BaseClass - Found Element By {by.toString()}
2023-12-20 22:06:37,730 [main] INFO  base.BaseClass - Trying to find Element By {by.toString()})
2023-12-20 22:06:37,758 [main] INFO  base.BaseClass - Found Element By {by.toString()}
2023-12-20 22:06:38,308 [main] INFO  base.BaseClass - Trying to find Element By {by.toString()})
2023-12-20 22:06:38,336 [main] INFO  base.BaseClass - Found Element By {by.toString()}
2023-12-20 22:06:38,875 [main] INFO  base.BaseClass - Trying to find Element By {by.toString()})
2023-12-20 22:06:38,897 [main] INFO  base.BaseClass - Found Element By {by.toString()}
2023-12-20 22:06:39,441 [main] INFO  base.BaseClass - Trying to find Element By {by.toString()})
2023-12-20 22:06:39,465 [main] INFO  base.BaseClass - Found Element By {by.toString()}
2023-12-20 22:06:40,009 [main] INFO  base.BaseClass - Trying to find Element By {by.toString()})
2023-12-20 22:06:40,033 [main] INFO  base.BaseClass - Found Element By {by.toString()}
2023-12-20 22:06:40,561 [main] INFO  base.BaseClass - Trying to find Element By {by.toString()})
2023-12-20 22:06:40,586 [main] INFO  base.BaseClass - Found Element By {by.toString()}
2023-12-20 22:06:41,127 [main] INFO  base.BaseClass - Trying to find Element By {by.toString()})
2023-12-20 22:06:41,154 [main] INFO  base.BaseClass - Found Element By {by.toString()}
2023-12-20 22:06:41,677 [main] INFO  base.BaseClass - Trying to find Element By {by.toString()})
2023-12-20 22:06:41,700 [main] INFO  base.BaseClass - Found Element By {by.toString()}
2023-12-20 22:06:42,243 [main] INFO  base.BaseClass - Trying to find Element By {by.toString()})
2023-12-20 22:06:42,282 [main] INFO  base.BaseClass - Found Element By {by.toString()}
2023-12-20 22:06:42,811 [main] INFO  base.BaseClass - Trying to find Element By {by.toString()})
2023-12-20 22:06:42,836 [main] INFO  base.BaseClass - Found Element By {by.toString()}
2023-12-20 22:06:43,378 [main] INFO  base.BaseClass - Trying to find Element By {by.toString()})
2023-12-20 22:06:43,402 [main] INFO  base.BaseClass - Found Element By {by.toString()}
2023-12-20 22:06:43,945 [main] INFO  base.BaseClass - Trying to find Element By {by.toString()})
2023-12-20 22:06:43,970 [main] INFO  base.BaseClass - Found Element By {by.toString()}
2023-12-20 22:06:44,524 [main] INFO  base.BaseClass - Trying to find Element By {by.toString()})
2023-12-20 22:06:44,540 [main] INFO  base.BaseClass - Found Element By {by.toString()}
2023-12-20 22:06:45,073 [main] INFO  base.BaseClass - Trying to find Element By {by.toString()})
2023-12-20 22:06:45,084 [main] INFO  base.BaseClass - Found Element By {by.toString()}
2023-12-20 22:06:45,605 [main] INFO  base.BaseClass - Trying to find Element By {by.toString()})
2023-12-20 22:06:45,631 [main] INFO  base.BaseClass - Found Element By {by.toString()}
2023-12-20 22:06:46,171 [main] INFO  base.BaseClass - Trying to find Element By {by.toString()})
2023-12-20 22:06:46,198 [main] INFO  base.BaseClass - Found Element By {by.toString()}
2023-12-20 22:06:46,739 [main] INFO  base.BaseClass - Trying to find Element By {by.toString()})
2023-12-20 22:06:46,762 [main] INFO  base.BaseClass - Found Element By {by.toString()}
2023-12-20 22:06:47,301 [main] INFO  base.BaseClass - Trying to find Element By {by.toString()})
2023-12-20 22:06:47,312 [main] INFO  base.BaseClass - Found Element By {by.toString()}
2023-12-20 22:06:47,852 [main] INFO  base.BaseClass - Trying to find Element By {by.toString()})
2023-12-20 22:06:47,877 [main] INFO  base.BaseClass - Found Element By {by.toString()}
TimeoutException occurred: Expected condition failed: waiting for helper.WaitUtility$5@5cc075da (tried for 30 second(s) with 500 milliseconds interval)
Build info: version: '3.141.59', revision: 'e82be7d358', time: '2018-11-14T08:17:03'
System info: host: 'DPLAP166', ip: '137.237.3.197', os.name: 'Windows 10', os.arch: 'amd64', os.version: '10.0', java.version: '19.0.1'
Driver info: org.openqa.selenium.support.events.EventFiringWebDriver
Capabilities {acceptInsecureCerts: true, browserName: chrome, browserVersion: 120.0.6099.72, chrome: {chromedriverVersion: 120.0.6099.109 (3419140ab66..., userDataDir: C:\Users\dP-PL\AppData\Loca...}, fedcm:accounts: true, goog:chromeOptions: {debuggerAddress: localhost:60862}, javascriptEnabled: true, networkConnectionEnabled: false, pageLoadStrategy: normal, platform: WINDOWS, platformName: WINDOWS, proxy: Proxy(), setWindowRect: true, strictFileInteractability: false, timeouts: {implicit: 0, pageLoad: 300000, script: 30000}, unhandledPromptBehavior: dismiss and notify, webauthn:extension:credBlob: true, webauthn:extension:largeBlob: true, webauthn:extension:minPinLength: true, webauthn:extension:prf: true, webauthn:virtualAuthenticators: true}
Session ID: b42297d292bc21c8e7aac60c7f16148b
2023-12-20 22:06:47,911 [main] ERROR XGLT_6685_Test - Element did not become visible within the specified time: Expected condition failed: waiting for helper.WaitUtility$5@5cc075da (tried for 30 second(s) with 500 milliseconds interval)
Build info: version: '3.141.59', revision: 'e82be7d358', time: '2018-11-14T08:17:03'
System info: host: 'DPLAP166', ip: '137.237.3.197', os.name: 'Windows 10', os.arch: 'amd64', os.version: '10.0', java.version: '19.0.1'
Driver info: org.openqa.selenium.support.events.EventFiringWebDriver
Capabilities {acceptInsecureCerts: true, browserName: chrome, browserVersion: 120.0.6099.72, chrome: {chromedriverVersion: 120.0.6099.109 (3419140ab66..., userDataDir: C:\Users\dP-PL\AppData\Loca...}, fedcm:accounts: true, goog:chromeOptions: {debuggerAddress: localhost:60862}, javascriptEnabled: true, networkConnectionEnabled: false, pageLoadStrategy: normal, platform: WINDOWS, platformName: WINDOWS, proxy: Proxy(), setWindowRect: true, strictFileInteractability: false, timeouts: {implicit: 0, pageLoad: 300000, script: 30000}, unhandledPromptBehavior: dismiss and notify, webauthn:extension:credBlob: true, webauthn:extension:largeBlob: true, webauthn:extension:minPinLength: true, webauthn:extension:prf: true, webauthn:virtualAuthenticators: true}
Session ID: b42297d292bc21c8e7aac60c7f16148b
2023-12-20 22:06:47,945 [main] INFO  base.BaseClass - Trying to find Element By {by.toString()})
2023-12-20 22:06:47,970 [main] INFO  base.BaseClass - Found Element By {by.toString()}
Height is 2670
2023-12-20 22:06:47,984 [main] INFO  base.BaseClass - Trying to find Element By {by.toString()})
2023-12-20 22:06:48,006 [main] INFO  base.BaseClass - Found Element By {by.toString()}
2023-12-20 22:06:48,007 [main] INFO  base.BaseClass - Trying to find Element By {by.toString()})
2023-12-20 22:06:48,017 [main] INFO  base.BaseClass - Found Element By {by.toString()}
2023-12-20 22:06:48,025 [main] INFO  base.BaseClass - Trying to find Element By {by.toString()})
2023-12-20 22:06:48,042 [main] INFO  base.BaseClass - Found Element By {by.toString()}
2023-12-20 22:06:48,069 [main] INFO  base.BaseClass - Trying to find Element By {by.toString()})
2023-12-20 22:06:48,088 [main] INFO  base.BaseClass - Found Element By {by.toString()}
last page in current selection is 8
2023-12-20 22:06:48,107 [main] INFO  base.BaseClass - Trying to find Element By {by.toString()})
2023-12-20 22:06:48,124 [main] INFO  base.BaseClass - Found Element By {by.toString()}
TimeoutException occurred: Expected condition failed: waiting for helper.WaitUtility$5@1f7fcec2 (tried for 30 second(s) with 500 milliseconds interval)
Build info: version: '3.141.59', revision: 'e82be7d358', time: '2018-11-14T08:17:03'
System info: host: 'DPLAP166', ip: '137.237.3.197', os.name: 'Windows 10', os.arch: 'amd64', os.version: '10.0', java.version: '19.0.1'
Driver info: org.openqa.selenium.support.events.EventFiringWebDriver
Capabilities {acceptInsecureCerts: true, browserName: chrome, browserVersion: 120.0.6099.72, chrome: {chromedriverVersion: 120.0.6099.109 (3419140ab66..., userDataDir: C:\Users\dP-PL\AppData\Loca...}, fedcm:accounts: true, goog:chromeOptions: {debuggerAddress: localhost:60862}, javascriptEnabled: true, networkConnectionEnabled: false, pageLoadStrategy: normal, platform: WINDOWS, platformName: WINDOWS, proxy: Proxy(), setWindowRect: true, strictFileInteractability: false, timeouts: {implicit: 0, pageLoad: 300000, script: 30000}, unhandledPromptBehavior: dismiss and notify, webauthn:extension:credBlob: true, webauthn:extension:largeBlob: true, webauthn:extension:minPinLength: true, webauthn:extension:prf: true, webauthn:virtualAuthenticators: true}
Session ID: b42297d292bc21c8e7aac60c7f16148b
2023-12-20 22:07:18,633 [main] ERROR XGLT_6685_Test - Element did not become visible within the specified time: Expected condition failed: waiting for helper.WaitUtility$5@1f7fcec2 (tried for 30 second(s) with 500 milliseconds interval)
Build info: version: '3.141.59', revision: 'e82be7d358', time: '2018-11-14T08:17:03'
System info: host: 'DPLAP166', ip: '137.237.3.197', os.name: 'Windows 10', os.arch: 'amd64', os.version: '10.0', java.version: '19.0.1'
Driver info: org.openqa.selenium.support.events.EventFiringWebDriver
Capabilities {acceptInsecureCerts: true, browserName: chrome, browserVersion: 120.0.6099.72, chrome: {chromedriverVersion: 120.0.6099.109 (3419140ab66..., userDataDir: C:\Users\dP-PL\AppData\Loca...}, fedcm:accounts: true, goog:chromeOptions: {debuggerAddress: localhost:60862}, javascriptEnabled: true, networkConnectionEnabled: false, pageLoadStrategy: normal, platform: WINDOWS, platformName: WINDOWS, proxy: Proxy(), setWindowRect: true, strictFileInteractability: false, timeouts: {implicit: 0, pageLoad: 300000, script: 30000}, unhandledPromptBehavior: dismiss and notify, webauthn:extension:credBlob: true, webauthn:extension:largeBlob: true, webauthn:extension:minPinLength: true, webauthn:extension:prf: true, webauthn:virtualAuthenticators: true}
Session ID: b42297d292bc21c8e7aac60c7f16148b
2023-12-20 22:07:18,634 [main] INFO  base.BaseClass - Trying to click on: {element.toString()}
2023-12-20 22:07:18,730 [main] INFO  base.BaseClass - Clicked on: {element.toString()}
2023-12-20 22:07:18,730 [main] INFO  base.BaseClass - Trying to find Element By {by.toString()})
2023-12-20 22:07:18,754 [main] INFO  base.BaseClass - Found Element By {by.toString()}
2023-12-20 22:07:19,290 [main] INFO  base.BaseClass - Trying to find Element By {by.toString()})
2023-12-20 22:07:19,321 [main] INFO  base.BaseClass - Found Element By {by.toString()}
2023-12-20 22:07:19,855 [main] INFO  base.BaseClass - Trying to find Element By {by.toString()})
2023-12-20 22:07:19,879 [main] INFO  base.BaseClass - Found Element By {by.toString()}
2023-12-20 22:07:20,404 [main] INFO  base.BaseClass - Trying to find Element By {by.toString()})
2023-12-20 22:07:20,431 [main] INFO  base.BaseClass - Found Element By {by.toString()}
2023-12-20 22:07:20,971 [main] INFO  base.BaseClass - Trying to find Element By {by.toString()})
2023-12-20 22:07:20,996 [main] INFO  base.BaseClass - Found Element By {by.toString()}
2023-12-20 22:07:21,539 [main] INFO  base.BaseClass - Trying to find Element By {by.toString()})
2023-12-20 22:07:21,563 [main] INFO  base.BaseClass - Found Element By {by.toString()}
2023-12-20 22:07:22,102 [main] INFO  base.BaseClass - Trying to find Element By {by.toString()})
2023-12-20 22:07:22,116 [main] INFO  base.BaseClass - Found Element By {by.toString()}
2023-12-20 22:07:22,652 [main] INFO  base.BaseClass - Trying to find Element By {by.toString()})
[...]
2023-12-20 22:12:12,088 [main] INFO  base.BaseClass - Trying to find Element By {by.toString()})
2023-12-20 22:12:12,110 [main] INFO  base.BaseClass - Found Element By {by.toString()}
2023-12-20 22:12:12,652 [main] INFO  base.BaseClass - Trying to find Element By {by.toString()})
2023-12-20 22:12:12,676 [main] INFO  base.BaseClass - Found Element By {by.toString()}
2023-12-20 22:12:13,202 [main] INFO  base.BaseClass - Trying to find Element By {by.toString()})
2023-12-20 22:12:13,227 [main] INFO  base.BaseClass - Found Element By {by.toString()}
2023-12-20 22:12:13,767 [main] INFO  base.BaseClass - Trying to find Element By {by.toString()})
2023-12-20 22:12:13,789 [main] INFO  base.BaseClass - Found Element By {by.toString()}
2023-12-20 22:12:14,334 [main] INFO  base.BaseClass - Trying to find Element By {by.toString()})
2023-12-20 22:12:14,359 [main] INFO  base.BaseClass - Found Element By {by.toString()}
2023-12-20 22:12:14,898 [main] INFO  base.BaseClass - Trying to find Element By {by.toString()})
2023-12-20 22:12:14,917 [main] INFO  base.BaseClass - Found Element By {by.toString()}
2023-12-20 22:12:15,444 [main] INFO  base.BaseClass - Trying to find Element By {by.toString()})
2023-12-20 22:12:15,468 [main] INFO  base.BaseClass - Found Element By {by.toString()}
2023-12-20 22:12:16,011 [main] INFO  base.BaseClass - Trying to find Element By {by.toString()})
2023-12-20 22:12:16,029 [main] INFO  base.BaseClass - Found Element By {by.toString()}
2023-12-20 22:12:16,562 [main] INFO  base.BaseClass - Trying to find Element By {by.toString()})
2023-12-20 22:12:16,586 [main] INFO  base.BaseClass - Found Element By {by.toString()}
2023-12-20 22:12:17,126 [main] INFO  base.BaseClass - Trying to find Element By {by.toString()})
2023-12-20 22:12:17,148 [main] INFO  base.BaseClass - Found Element By {by.toString()}
2023-12-20 22:12:17,692 [main] INFO  base.BaseClass - Trying to find Element By {by.toString()})
2023-12-20 22:12:17,716 [main] INFO  base.BaseClass - Found Element By {by.toString()}
2023-12-20 22:12:18,245 [main] INFO  base.BaseClass - Trying to find Element By {by.toString()})
2023-12-20 22:12:18,269 [main] INFO  base.BaseClass - Found Element By {by.toString()}
2023-12-20 22:12:18,809 [main] INFO  base.BaseClass - Trying to find Element By {by.toString()})
2023-12-20 22:12:18,832 [main] INFO  base.BaseClass - Found Element By {by.toString()}
2023-12-20 22:12:19,375 [main] INFO  base.BaseClass - Trying to find Element By {by.toString()})
2023-12-20 22:12:19,400 [main] INFO  base.BaseClass - Found Element By {by.toString()}
2023-12-20 22:12:19,940 [main] INFO  base.BaseClass - Trying to find Element By {by.toString()})
2023-12-20 22:12:19,962 [main] INFO  base.BaseClass - Found Element By {by.toString()}
2023-12-20 22:12:20,501 [main] INFO  base.BaseClass - Trying to find Element By {by.toString()})
2023-12-20 22:12:20,525 [main] INFO  base.BaseClass - Found Element By {by.toString()}
2023-12-20 22:12:21,053 [main] INFO  base.BaseClass - Trying to find Element By {by.toString()})
2023-12-20 22:12:21,079 [main] INFO  base.BaseClass - Found Element By {by.toString()}
2023-12-20 22:12:21,618 [main] INFO  base.BaseClass - Trying to find Element By {by.toString()})
2023-12-20 22:12:21,643 [main] INFO  base.BaseClass - Found Element By {by.toString()}
2023-12-20 22:12:22,183 [main] INFO  base.BaseClass - Trying to find Element By {by.toString()})
2023-12-20 22:12:22,207 [main] INFO  base.BaseClass - Found Element By {by.toString()}
2023-12-20 22:12:22,736 [main] INFO  base.BaseClass - Trying to find Element By {by.toString()})
2023-12-20 22:12:22,756 [main] INFO  base.BaseClass - Found Element By {by.toString()}
2023-12-20 22:12:23,283 [main] INFO  base.BaseClass - Trying to find Element By {by.toString()})
2023-12-20 22:12:23,301 [main] INFO  base.BaseClass - Found Element By {by.toString()}
2023-12-20 22:12:23,835 [main] INFO  base.BaseClass - Trying to find Element By {by.toString()})
2023-12-20 22:12:23,857 [main] INFO  base.BaseClass - Found Element By {by.toString()}
2023-12-20 22:12:24,401 [main] INFO  base.BaseClass - Trying to find Element By {by.toString()})
2023-12-20 22:12:24,425 [main] INFO  base.BaseClass - Found Element By {by.toString()}
2023-12-20 22:12:24,967 [main] INFO  base.BaseClass - Trying to find Element By {by.toString()})
2023-12-20 22:12:24,992 [main] INFO  base.BaseClass - Found Element By {by.toString()}
TimeoutException occurred: Expected condition failed: waiting for helper.WaitUtility$5@1ed43328 (tried for 30 second(s) with 500 milliseconds interval)
Build info: version: '3.141.59', revision: 'e82be7d358', time: '2018-11-14T08:17:03'
System info: host: 'DPLAP166', ip: '137.237.3.197', os.name: 'Windows 10', os.arch: 'amd64', os.version: '10.0', java.version: '19.0.1'
Driver info: org.openqa.selenium.support.events.EventFiringWebDriver
Capabilities {acceptInsecureCerts: true, browserName: chrome, browserVersion: 120.0.6099.72, chrome: {chromedriverVersion: 120.0.6099.109 (3419140ab66..., userDataDir: C:\Users\dP-PL\AppData\Loca...}, fedcm:accounts: true, goog:chromeOptions: {debuggerAddress: localhost:60862}, javascriptEnabled: true, networkConnectionEnabled: false, pageLoadStrategy: normal, platform: WINDOWS, platformName: WINDOWS, proxy: Proxy(), setWindowRect: true, strictFileInteractability: false, timeouts: {implicit: 0, pageLoad: 300000, script: 30000}, unhandledPromptBehavior: dismiss and notify, webauthn:extension:credBlob: true, webauthn:extension:largeBlob: true, webauthn:extension:minPinLength: true, webauthn:extension:prf: true, webauthn:virtualAuthenticators: true}
Session ID: b42297d292bc21c8e7aac60c7f16148b
2023-12-20 22:12:25,020 [main] ERROR XGLT_6685_Test - Element did not become visible within the specified time: Expected condition failed: waiting for helper.WaitUtility$5@1ed43328 (tried for 30 second(s) with 500 milliseconds interval)
Build info: version: '3.141.59', revision: 'e82be7d358', time: '2018-11-14T08:17:03'
System info: host: 'DPLAP166', ip: '137.237.3.197', os.name: 'Windows 10', os.arch: 'amd64', os.version: '10.0', java.version: '19.0.1'
Driver info: org.openqa.selenium.support.events.EventFiringWebDriver
Capabilities {acceptInsecureCerts: true, browserName: chrome, browserVersion: 120.0.6099.72, chrome: {chromedriverVersion: 120.0.6099.109 (3419140ab66..., userDataDir: C:\Users\dP-PL\AppData\Loca...}, fedcm:accounts: true, goog:chromeOptions: {debuggerAddress: localhost:60862}, javascriptEnabled: true, networkConnectionEnabled: false, pageLoadStrategy: normal, platform: WINDOWS, platformName: WINDOWS, proxy: Proxy(), setWindowRect: true, strictFileInteractability: false, timeouts: {implicit: 0, pageLoad: 300000, script: 30000}, unhandledPromptBehavior: dismiss and notify, webauthn:extension:credBlob: true, webauthn:extension:largeBlob: true, webauthn:extension:minPinLength: true, webauthn:extension:prf: true, webauthn:virtualAuthenticators: true}
Session ID: b42297d292bc21c8e7aac60c7f16148b
2023-12-20 22:12:25,020 [main] INFO  base.BaseClass - Trying to find Element By {by.toString()})
2023-12-20 22:12:25,049 [main] INFO  base.BaseClass - Found Element By {by.toString()}
2023-12-20 22:12:25,593 [main] INFO  base.BaseClass - Trying to find Element By {by.toString()})
2023-12-20 22:12:25,617 [main] INFO  base.BaseClass - Found Element By {by.toString()}
2023-12-20 22:12:26,158 [main] INFO  base.BaseClass - Trying to find Element By {by.toString()})
2023-12-20 22:12:26,183 [main] INFO  base.BaseClass - Found Element By {by.toString()}
2023-12-20 22:12:26,727 [main] INFO  base.BaseClass - Trying to find Element By {by.toString()})
2023-12-20 22:12:26,749 [main] INFO  base.BaseClass - Found Element By {by.toString()}
2023-12-20 22:12:27,276 [main] INFO  base.BaseClass - Trying to find Element By {by.toString()})
2023-12-20 22:12:27,300 [main] INFO  base.BaseClass - Found Element By {by.toString()}
2023-12-20 22:12:27,843 [main] INFO  base.BaseClass - Trying to find Element By {by.toString()})
2023-12-20 22:12:27,864 [main] INFO  base.BaseClass - Found Element By {by.toString()}
2023-12-20 22:12:28,397 [main] INFO  base.BaseClass - Trying to find Element By {by.toString()})
2023-12-20 22:12:28,420 [main] INFO  base.BaseClass - Found Element By {by.toString()}
2023-12-20 22:12:28,961 [main] INFO  base.BaseClass - Trying to find Element By {by.toString()})
2023-12-20 22:12:28,985 [main] INFO  base.BaseClass - Found Element By {by.toString()}
2023-12-20 22:12:29,514 [main] INFO  base.BaseClass - Trying to find Element By {by.toString()})
2023-12-20 22:12:29,539 [main] INFO  base.BaseClass - Found Element By {by.toString()}
2023-12-20 22:12:30,081 [main] INFO  base.BaseClass - Trying to find Element By {by.toString()})
2023-12-20 22:12:30,105 [main] INFO  base.BaseClass - Found Element By {by.toString()}
2023-12-20 22:12:30,648 [main] INFO  base.BaseClass - Trying to find Element By {by.toString()})
2023-12-20 22:12:30,672 [main] INFO  base.BaseClass - Found Element By {by.toString()}
2023-12-20 22:12:31,213 [main] INFO  base.BaseClass - Trying to find Element By {by.toString()})
2023-12-20 22:12:31,236 [main] INFO  base.BaseClass - Found Element By {by.toString()}
2023-12-20 22:12:31,777 [main] INFO  base.BaseClass - Trying to find Element By {by.toString()})
2023-12-20 22:12:31,801 [main] INFO  base.BaseClass - Found Element By {by.toString()}
2023-12-20 22:12:32,344 [main] INFO  base.BaseClass - Trying to find Element By {by.toString()})
2023-12-20 22:12:32,367 [main] INFO  base.BaseClass - Found Element By {by.toString()}
2023-12-20 22:12:32,898 [main] INFO  base.BaseClass - Trying to find Element By {by.toString()})
2023-12-20 22:12:32,919 [main] INFO  base.BaseClass - Found Element By {by.toString()}
2023-12-20 22:12:33,449 [main] INFO  base.BaseClass - Trying to find Element By {by.toString()})
2023-12-20 22:12:33,474 [main] INFO  base.BaseClass - Found Element By {by.toString()}
2023-12-20 22:12:34,006 [main] INFO  base.BaseClass - Trying to find Element By {by.toString()})
2023-12-20 22:12:34,028 [main] INFO  base.BaseClass - Found Element By {by.toString()}
2023-12-20 22:12:34,569 [main] INFO  base.BaseClass - Trying to find Element By {by.toString()})
2023-12-20 22:12:34,589 [main] INFO  base.BaseClass - Found Element By {by.toString()}
2023-12-20 22:12:35,124 [main] INFO  base.BaseClass - Trying to find Element By {by.toString()})
2023-12-20 22:12:35,146 [main] INFO  base.BaseClass - Found Element By {by.toString()}
2023-12-20 22:12:35,674 [main] INFO  base.BaseClass - Trying to find Element By {by.toString()})
2023-12-20 22:12:35,697 [main] INFO  base.BaseClass - Found Element By {by.toString()}
2023-12-20 22:12:36,239 [main] INFO  base.BaseClass - Trying to find Element By {by.toString()})
2023-12-20 22:12:36,263 [main] INFO  base.BaseClass - Found Element By {by.toString()}
2023-12-20 22:12:36,790 [main] INFO  base.BaseClass - Trying to find Element By {by.toString()})
2023-12-20 22:12:36,814 [main] INFO  base.BaseClass - Found Element By {by.toString()}
2023-12-20 22:12:37,342 [main] INFO  base.BaseClass - Trying to find Element By {by.toString()})
2023-12-20 22:12:37,366 [main] INFO  base.BaseClass - Found Element By {by.toString()}
2023-12-20 22:12:37,906 [main] INFO  base.BaseClass - Trying to find Element By {by.toString()})
2023-12-20 22:12:37,928 [main] INFO  base.BaseClass - Found Element By {by.toString()}
2023-12-20 22:12:38,470 [main] INFO  base.BaseClass - Trying to find Element By {by.toString()})
2023-12-20 22:12:38,493 [main] INFO  base.BaseClass - Found Element By {by.toString()}
2023-12-20 22:12:39,037 [main] INFO  base.BaseClass - Trying to find Element By {by.toString()})
2023-12-20 22:12:39,060 [main] INFO  base.BaseClass - Found Element By {by.toString()}
2023-12-20 22:12:39,603 [main] INFO  base.BaseClass - Trying to find Element By {by.toString()})
2023-12-20 22:12:39,626 [main] INFO  base.BaseClass - Found Element By {by.toString()}
2023-12-20 22:12:40,159 [main] INFO  base.BaseClass - Trying to find Element By {by.toString()})
2023-12-20 22:12:40,182 [main] INFO  base.BaseClass - Found Element By {by.toString()}
2023-12-20 22:12:40,722 [main] INFO  base.BaseClass - Trying to find Element By {by.toString()})
2023-12-20 22:12:40,746 [main] INFO  base.BaseClass - Found Element By {by.toString()}
2023-12-20 22:12:41,278 [main] INFO  base.BaseClass - Trying to find Element By {by.toString()})
2023-12-20 22:12:41,295 [main] INFO  base.BaseClass - Found Element By {by.toString()}
2023-12-20 22:12:41,832 [main] INFO  base.BaseClass - Trying to find Element By {by.toString()})
2023-12-20 22:12:41,856 [main] INFO  base.BaseClass - Found Element By {by.toString()}
2023-12-20 22:12:42,382 [main] INFO  base.BaseClass - Trying to find Element By {by.toString()})
2023-12-20 22:12:42,406 [main] INFO  base.BaseClass - Found Element By {by.toString()}
2023-12-20 22:12:42,948 [main] INFO  base.BaseClass - Trying to find Element By {by.toString()})
2023-12-20 22:12:42,971 [main] INFO  base.BaseClass - Found Element By {by.toString()}
2023-12-20 22:12:43,501 [main] INFO  base.BaseClass - Trying to find Element By {by.toString()})
2023-12-20 22:12:43,525 [main] INFO  base.BaseClass - Found Element By {by.toString()}
2023-12-20 22:12:44,066 [main] INFO  base.BaseClass - Trying to find Element By {by.toString()})
2023-12-20 22:12:44,088 [main] INFO  base.BaseClass - Found Element By {by.toString()}
2023-12-20 22:12:44,619 [main] INFO  base.BaseClass - Trying to find Element By {by.toString()})
2023-12-20 22:12:44,642 [main] INFO  base.BaseClass - Found Element By {by.toString()}
2023-12-20 22:12:45,184 [main] INFO  base.BaseClass - Trying to find Element By {by.toString()})
2023-12-20 22:12:45,208 [main] INFO  base.BaseClass - Found Element By {by.toString()}
2023-12-20 22:12:45,735 [main] INFO  base.BaseClass - Trying to find Element By {by.toString()})
2023-12-20 22:12:45,759 [main] INFO  base.BaseClass - Found Element By {by.toString()}
2023-12-20 22:12:46,301 [main] INFO  base.BaseClass - Trying to find Element By {by.toString()})
2023-12-20 22:12:46,325 [main] INFO  base.BaseClass - Found Element By {by.toString()}
2023-12-20 22:12:46,858 [main] INFO  base.BaseClass - Trying to find Element By {by.toString()})
2023-12-20 22:12:46,881 [main] INFO  base.BaseClass - Found Element By {by.toString()}
2023-12-20 22:12:47,421 [main] INFO  base.BaseClass - Trying to find Element By {by.toString()})
2023-12-20 22:12:47,443 [main] INFO  base.BaseClass - Found Element By {by.toString()}
2023-12-20 22:12:47,973 [main] INFO  base.BaseClass - Trying to find Element By {by.toString()})
2023-12-20 22:12:47,996 [main] INFO  base.BaseClass - Found Element By {by.toString()}
2023-12-20 22:12:48,536 [main] INFO  base.BaseClass - Trying to find Element By {by.toString()})
2023-12-20 22:12:48,560 [main] INFO  base.BaseClass - Found Element By {by.toString()}
2023-12-20 22:12:49,086 [main] INFO  base.BaseClass - Trying to find Element By {by.toString()})
2023-12-20 22:12:49,105 [main] INFO  base.BaseClass - Found Element By {by.toString()}
2023-12-20 22:12:49,634 [main] INFO  base.BaseClass - Trying to find Element By {by.toString()})
2023-12-20 22:12:49,659 [main] INFO  base.BaseClass - Found Element By {by.toString()}
2023-12-20 22:12:50,197 [main] INFO  base.BaseClass - Trying to find Element By {by.toString()})
2023-12-20 22:12:50,216 [main] INFO  base.BaseClass - Found Element By {by.toString()}
2023-12-20 22:12:50,744 [main] INFO  base.BaseClass - Trying to find Element By {by.toString()})
2023-12-20 22:12:50,757 [main] INFO  base.BaseClass - Found Element By {by.toString()}
2023-12-20 22:12:51,277 [main] INFO  base.BaseClass - Trying to find Element By {by.toString()})
2023-12-20 22:12:51,290 [main] INFO  base.BaseClass - Found Element By {by.toString()}
2023-12-20 22:12:51,811 [main] INFO  base.BaseClass - Trying to find Element By {by.toString()})
2023-12-20 22:12:51,820 [main] INFO  base.BaseClass - Found Element By {by.toString()}
2023-12-20 22:12:52,346 [main] INFO  base.BaseClass - Trying to find Element By {by.toString()})
2023-12-20 22:12:52,358 [main] INFO  base.BaseClass - Found Element By {by.toString()}
2023-12-20 22:12:52,884 [main] INFO  base.BaseClass - Trying to find Element By {by.toString()})
2023-12-20 22:12:52,893 [main] INFO  base.BaseClass - Found Element By {by.toString()}
2023-12-20 22:12:53,420 [main] INFO  base.BaseClass - Trying to find Element By {by.toString()})
2023-12-20 22:12:53,439 [main] INFO  base.BaseClass - Found Element By {by.toString()}
2023-12-20 22:12:53,972 [main] INFO  base.BaseClass - Trying to find Element By {by.toString()})
2023-12-20 22:12:53,989 [main] INFO  base.BaseClass - Found Element By {by.toString()}
2023-12-20 22:12:54,540 [main] INFO  base.BaseClass - Trying to find Element By {by.toString()})
2023-12-20 22:12:54,555 [main] INFO  base.BaseClass - Found Element By {by.toString()}
2023-12-20 22:12:55,093 [main] INFO  base.BaseClass - Trying to find Element By {by.toString()})
2023-12-20 22:12:55,113 [main] INFO  base.BaseClass - Found Element By {by.toString()}
TimeoutException occurred: Expected condition failed: waiting for helper.WaitUtility$5@398f97ae (tried for 30 second(s) with 500 milliseconds interval)
Build info: version: '3.141.59', revision: 'e82be7d358', time: '2018-11-14T08:17:03'
System info: host: 'DPLAP166', ip: '137.237.3.197', os.name: 'Windows 10', os.arch: 'amd64', os.version: '10.0', java.version: '19.0.1'
Driver info: org.openqa.selenium.support.events.EventFiringWebDriver
Capabilities {acceptInsecureCerts: true, browserName: chrome, browserVersion: 120.0.6099.72, chrome: {chromedriverVersion: 120.0.6099.109 (3419140ab66..., userDataDir: C:\Users\dP-PL\AppData\Loca...}, fedcm:accounts: true, goog:chromeOptions: {debuggerAddress: localhost:60862}, javascriptEnabled: true, networkConnectionEnabled: false, pageLoadStrategy: normal, platform: WINDOWS, platformName: WINDOWS, proxy: Proxy(), setWindowRect: true, strictFileInteractability: false, timeouts: {implicit: 0, pageLoad: 300000, script: 30000}, unhandledPromptBehavior: dismiss and notify, webauthn:extension:credBlob: true, webauthn:extension:largeBlob: true, webauthn:extension:minPinLength: true, webauthn:extension:prf: true, webauthn:virtualAuthenticators: true}
Session ID: b42297d292bc21c8e7aac60c7f16148b
2023-12-20 22:12:55,140 [main] ERROR XGLT_6685_Test - Element did not become visible within the specified time: Expected condition failed: waiting for helper.WaitUtility$5@398f97ae (tried for 30 second(s) with 500 milliseconds interval)
Build info: version: '3.141.59', revision: 'e82be7d358', time: '2018-11-14T08:17:03'
System info: host: 'DPLAP166', ip: '137.237.3.197', os.name: 'Windows 10', os.arch: 'amd64', os.version: '10.0', java.version: '19.0.1'
Driver info: org.openqa.selenium.support.events.EventFiringWebDriver
Capabilities {acceptInsecureCerts: true, browserName: chrome, browserVersion: 120.0.6099.72, chrome: {chromedriverVersion: 120.0.6099.109 (3419140ab66..., userDataDir: C:\Users\dP-PL\AppData\Loca...}, fedcm:accounts: true, goog:chromeOptions: {debuggerAddress: localhost:60862}, javascriptEnabled: true, networkConnectionEnabled: false, pageLoadStrategy: normal, platform: WINDOWS, platformName: WINDOWS, proxy: Proxy(), setWindowRect: true, strictFileInteractability: false, timeouts: {implicit: 0, pageLoad: 300000, script: 30000}, unhandledPromptBehavior: dismiss and notify, webauthn:extension:credBlob: true, webauthn:extension:largeBlob: true, webauthn:extension:minPinLength: true, webauthn:extension:prf: true, webauthn:virtualAuthenticators: true}
Session ID: b42297d292bc21c8e7aac60c7f16148b
2023-12-20 22:12:55,140 [main] INFO  base.BaseClass - Trying to find Element By {by.toString()})
2023-12-20 22:12:55,158 [main] INFO  base.BaseClass - Found Element By {by.toString()}
MCactivewithoutrev failed!
]]></system-out>
  </testcase>
</testsuite>