<?xml version="1.0" encoding="UTF-8"?>
<testsuite xmlns:xsi="http://www.w3.org/2001/XMLSchema-instance" xsi:noNamespaceSchemaLocation="https://maven.apache.org/surefire/maven-surefire-plugin/xsd/surefire-test-report-3.0.xsd" version="3.0" name="TestSuite" time="147.424" tests="1" errors="0" skipped="0" failures="0">
  <properties>
[...]
</properties>
  <testcase name="CustomerExportCSV" classname="XGL_CustomerCSVexport" time="70.71">
    <system-out><![CDATA[Archive created successfully.
FileNotFoundException occurred: screenshots (The system cannot find the file specified)
Archive created successfully.
Deleted file: D:\XGLFinal_Mine\reports\TestExecutionReport.html
Test Suite started!
2024-05-10 22:43:39,028 [main] INFO  base.BaseClass - Login to XGL
2024-05-10 22:43:39,031 [main] INFO  XGL_CustomerCSVexport - Setting up browser
2024-05-10 22:43:39,403 [main] INFO  io.github.bonigarcia.wdm.WebDriverManager - Using chromedriver 124.0.6367.201 (resolved driver for Chrome 124)
2024-05-10 22:43:39,460 [main] INFO  io.github.bonigarcia.wdm.WebDriverManager - Exporting webdriver.chrome.driver as C:\Users\dP-PL\.cache\selenium\chromedriver\win64\124.0.6367.201\chromedriver.exe
2024-05-10 22:43:44,920 [main] INFO  base.BaseClass - Before navigating to {url}
2024-05-10 22:43:56,960 [main] INFO  base.BaseClass - Navigated to {url}
2024-05-10 22:43:57,436 [main] INFO  base.BaseClass - Trying to find Element By {by.toString()})
2024-05-10 22:43:57,455 [main] INFO  base.BaseClass - Found Element By {by.toString()}
2024-05-10 22:43:57,519 [main] INFO  base.BaseClass - Trying to find Element By {by.toString()})
2024-05-10 22:43:57,534 [main] INFO  base.BaseClass - Found Element By {by.toString()}
2024-05-10 22:43:57,618 [main] INFO  base.BaseClass - Trying to find Element By {by.toString()})
2024-05-10 22:43:57,633 [main] INFO  base.BaseClass - Found Element By {by.toString()}
2024-05-10 22:43:57,635 [main] INFO  base.BaseClass - Trying to click on: {element.toString()}
2024-05-10 22:43:57,682 [main] INFO  base.BaseClass - Clicked on: {element.toString()}
2024-05-10 22:43:57,686 [main] INFO  base.BaseClass - Trying to find Element By {by.toString()})
2024-05-10 22:44:00,736 [main] INFO  base.BaseClass - Found Element By {by.toString()}
2024-05-10 22:44:01,073 [main] INFO  base.BaseClass - Trying to find Element By {by.toString()})
NoSuchElementException occurred: no such element: Unable to locate element: {"method":"xpath","selector":"//div[@class='modal-content']/div/i[contains(@class,'close')]"}
  (Session info: chrome=124.0.6367.119)
For documentation on this error, please visit: https://www.seleniumhq.org/exceptions/no_such_element.html
Build info: version: '3.141.59', revision: 'e82be7d358', time: '2018-11-14T08:17:03'
System info: host: 'DPLAP166', ip: '137.237.2.51', os.name: 'Windows 10', os.arch: 'amd64', os.version: '10.0', java.version: '19.0.1'
Driver info: org.openqa.selenium.chrome.ChromeDriver
Capabilities {acceptInsecureCerts: true, browserName: chrome, browserVersion: 124.0.6367.119, chrome: {chromedriverVersion: 124.0.6367.201 (46cf136d27d..., userDataDir: C:\Users\dP-PL\AppData\Loca...}, fedcm:accounts: true, goog:chromeOptions: {debuggerAddress: localhost:59922}, javascriptEnabled: true, networkConnectionEnabled: false, pageLoadStrategy: normal, platform: WINDOWS, platformName: WINDOWS, proxy: Proxy(), setWindowRect: true, strictFileInteractability: false, timeouts: {implicit: 0, pageLoad: 300000, script: 30000}, unhandledPromptBehavior: dismiss and notify, webauthn:extension:credBlob: true, webauthn:extension:largeBlob: true, webauthn:extension:minPinLength: true, webauthn:extension:prf: true, webauthn:virtualAuthenticators: true}
Session ID: fecf3dd42cc9184e1fb4545465b4a1cd
*** Element info: {Using=xpath, value=//div[@class='modal-content']/div/i[contains(@class,'close')]}
Before method Test name: Maintainance Tests
CustomerExportCSV started!
2024-05-10 22:44:52,507 [main] INFO  base.BaseClass - Trying to find Element By {by.toString()})
2024-05-10 22:44:52,537 [main] INFO  base.BaseClass - Found Element By {by.toString()}
2024-05-10 22:44:52,538 [main] INFO  base.BaseClass - Trying to click on: {element.toString()}
2024-05-10 22:44:52,591 [main] INFO  base.BaseClass - Clicked on: {element.toString()}
2024-05-10 22:44:52,591 [main] INFO  base.BaseClass - Trying to find Element By {by.toString()})
2024-05-10 22:44:52,606 [main] INFO  base.BaseClass - Found Element By {by.toString()}
2024-05-10 22:44:52,607 [main] INFO  base.BaseClass - Trying to click on: {element.toString()}
2024-05-10 22:44:52,758 [main] INFO  base.BaseClass - Clicked on: {element.toString()}
2024-05-10 22:44:52,799 [main] INFO  base.BaseClass - Trying to find Element By {by.toString()})
2024-05-10 22:44:52,817 [main] INFO  base.BaseClass - Found Element By {by.toString()}
Folder name is C:\Users\dP-PL\Downloads
2024-05-10 22:44:53,170 [main] INFO  base.BaseClass - Trying to find Element By {by.toString()})
2024-05-10 22:44:54,319 [main] INFO  base.BaseClass - Found Element By {by.toString()}
2024-05-10 22:44:54,320 [main] INFO  base.BaseClass - Trying to find Element By {by.toString()})
2024-05-10 22:44:54,336 [main] INFO  base.BaseClass - Found Element By {by.toString()}
2024-05-10 22:44:54,337 [main] INFO  base.BaseClass - Trying to find Element By {by.toString()})
2024-05-10 22:44:54,353 [main] INFO  base.BaseClass - Found Element By {by.toString()}
2024-05-10 22:44:54,353 [main] INFO  base.BaseClass - Trying to find Element By {by.toString()})
2024-05-10 22:44:54,369 [main] INFO  base.BaseClass - Found Element By {by.toString()}
2024-05-10 22:44:54,430 [main] INFO  base.BaseClass - Trying to click on: {element.toString()}
2024-05-10 22:44:54,477 [main] INFO  base.BaseClass - Clicked on: {element.toString()}
last page in current selection is 15
2024-05-10 22:44:54,514 [main] INFO  base.BaseClass - Trying to find Element By {by.toString()})
2024-05-10 22:44:54,529 [main] INFO  base.BaseClass - Found Element By {by.toString()}
TimeoutException occurred: Expected condition failed: waiting for helper.WaitUtility$5@1e84f3c8 (tried for 30 second(s) with 500 milliseconds interval)
Build info: version: '3.141.59', revision: 'e82be7d358', time: '2018-11-14T08:17:03'
System info: host: 'DPLAP166', ip: '137.237.2.51', os.name: 'Windows 10', os.arch: 'amd64', os.version: '10.0', java.version: '19.0.1'
Driver info: org.openqa.selenium.support.events.EventFiringWebDriver
Capabilities {acceptInsecureCerts: true, browserName: chrome, browserVersion: 124.0.6367.119, chrome: {chromedriverVersion: 124.0.6367.201 (46cf136d27d..., userDataDir: C:\Users\dP-PL\AppData\Loca...}, fedcm:accounts: true, goog:chromeOptions: {debuggerAddress: localhost:59922}, javascriptEnabled: true, networkConnectionEnabled: false, pageLoadStrategy: normal, platform: WINDOWS, platformName: WINDOWS, proxy: Proxy(), setWindowRect: true, strictFileInteractability: false, timeouts: {implicit: 0, pageLoad: 300000, script: 30000}, unhandledPromptBehavior: dismiss and notify, webauthn:extension:credBlob: true, webauthn:extension:largeBlob: true, webauthn:extension:minPinLength: true, webauthn:extension:prf: true, webauthn:virtualAuthenticators: true}
Session ID: fecf3dd42cc9184e1fb4545465b4a1cd
2024-05-10 22:45:25,017 [main] ERROR XGL_CustomerCSVexport - Element did not become visible within the specified time: Expected condition failed: waiting for helper.WaitUtility$5@1e84f3c8 (tried for 30 second(s) with 500 milliseconds interval)
Build info: version: '3.141.59', revision: 'e82be7d358', time: '2018-11-14T08:17:03'
System info: host: 'DPLAP166', ip: '137.237.2.51', os.name: 'Windows 10', os.arch: 'amd64', os.version: '10.0', java.version: '19.0.1'
Driver info: org.openqa.selenium.support.events.EventFiringWebDriver
Capabilities {acceptInsecureCerts: true, browserName: chrome, browserVersion: 124.0.6367.119, chrome: {chromedriverVersion: 124.0.6367.201 (46cf136d27d..., userDataDir: C:\Users\dP-PL\AppData\Loca...}, fedcm:accounts: true, goog:chromeOptions: {debuggerAddress: localhost:59922}, javascriptEnabled: true, networkConnectionEnabled: false, pageLoadStrategy: normal, platform: WINDOWS, platformName: WINDOWS, proxy: Proxy(), setWindowRect: true, strictFileInteractability: false, timeouts: {implicit: 0, pageLoad: 300000, script: 30000}, unhandledPromptBehavior: dismiss and notify, webauthn:extension:credBlob: true, webauthn:extension:largeBlob: true, webauthn:extension:minPinLength: true, webauthn:extension:prf: true, webauthn:virtualAuthenticators: true}
Session ID: fecf3dd42cc9184e1fb4545465b4a1cd
2024-05-10 22:45:25,018 [main] INFO  base.BaseClass - Trying to click on: {element.toString()}
2024-05-10 22:45:25,102 [main] INFO  base.BaseClass - Clicked on: {element.toString()}
StaleElementReferenceException occurred: stale element reference: stale element not found in the current frame
  (Session info: chrome=124.0.6367.119)
For documentation on this error, please visit: https://www.seleniumhq.org/exceptions/stale_element_reference.html
Build info: version: '3.141.59', revision: 'e82be7d358', time: '2018-11-14T08:17:03'
System info: host: 'DPLAP166', ip: '137.237.2.51', os.name: 'Windows 10', os.arch: 'amd64', os.version: '10.0', java.version: '19.0.1'
Driver info: org.openqa.selenium.chrome.ChromeDriver
Capabilities {acceptInsecureCerts: true, browserName: chrome, browserVersion: 124.0.6367.119, chrome: {chromedriverVersion: 124.0.6367.201 (46cf136d27d..., userDataDir: C:\Users\dP-PL\AppData\Loca...}, fedcm:accounts: true, goog:chromeOptions: {debuggerAddress: localhost:59922}, javascriptEnabled: true, networkConnectionEnabled: false, pageLoadStrategy: normal, platform: WINDOWS, platformName: WINDOWS, proxy: Proxy(), setWindowRect: true, strictFileInteractability: false, timeouts: {implicit: 0, pageLoad: 300000, script: 30000}, unhandledPromptBehavior: dismiss and notify, webauthn:extension:credBlob: true, webauthn:extension:largeBlob: true, webauthn:extension:minPinLength: true, webauthn:extension:prf: true, webauthn:virtualAuthenticators: true}
Session ID: fecf3dd42cc9184e1fb4545465b4a1cd
2024-05-10 22:45:26,173 [main] ERROR XGL_CustomerCSVexport - Element did not become visible within the specified time: stale element reference: stale element not found in the current frame
  (Session info: chrome=124.0.6367.119)
For documentation on this error, please visit: https://www.seleniumhq.org/exceptions/stale_element_reference.html
Build info: version: '3.141.59', revision: 'e82be7d358', time: '2018-11-14T08:17:03'
System info: host: 'DPLAP166', ip: '137.237.2.51', os.name: 'Windows 10', os.arch: 'amd64', os.version: '10.0', java.version: '19.0.1'
Driver info: org.openqa.selenium.chrome.ChromeDriver
Capabilities {acceptInsecureCerts: true, browserName: chrome, browserVersion: 124.0.6367.119, chrome: {chromedriverVersion: 124.0.6367.201 (46cf136d27d..., userDataDir: C:\Users\dP-PL\AppData\Loca...}, fedcm:accounts: true, goog:chromeOptions: {debuggerAddress: localhost:59922}, javascriptEnabled: true, networkConnectionEnabled: false, pageLoadStrategy: normal, platform: WINDOWS, platformName: WINDOWS, proxy: Proxy(), setWindowRect: true, strictFileInteractability: false, timeouts: {implicit: 0, pageLoad: 300000, script: 30000}, unhandledPromptBehavior: dismiss and notify, webauthn:extension:credBlob: true, webauthn:extension:largeBlob: true, webauthn:extension:minPinLength: true, webauthn:extension:prf: true, webauthn:virtualAuthenticators: true}
Session ID: fecf3dd42cc9184e1fb4545465b4a1cd
Height is 534
2024-05-10 22:45:26,233 [main] INFO  base.BaseClass - Trying to find Element By {by.toString()})
2024-05-10 22:45:26,321 [main] INFO  base.BaseClass - Found Element By {by.toString()}
2024-05-10 22:45:26,322 [main] INFO  base.BaseClass - Trying to find Element By {by.toString()})
2024-05-10 22:45:26,344 [main] INFO  base.BaseClass - Found Element By {by.toString()}
2024-05-10 22:45:26,892 [main] INFO  base.BaseClass - Trying to find Element By {by.toString()})
2024-05-10 22:45:26,917 [main] INFO  base.BaseClass - Found Element By {by.toString()}
2024-05-10 22:45:27,464 [main] INFO  base.BaseClass - Trying to find Element By {by.toString()})
2024-05-10 22:45:27,504 [main] INFO  base.BaseClass - Found Element By {by.toString()}
2024-05-10 22:45:28,071 [main] INFO  base.BaseClass - Trying to find Element By {by.toString()})
2024-05-10 22:45:28,109 [main] INFO  base.BaseClass - Found Element By {by.toString()}
2024-05-10 22:45:28,644 [main] INFO  base.BaseClass - Trying to find Element By {by.toString()})
2024-05-10 22:45:28,670 [main] INFO  base.BaseClass - Found Element By {by.toString()}
2024-05-10 22:45:29,203 [main] INFO  base.BaseClass - Trying to find Element By {by.toString()})
2024-05-10 22:45:29,219 [main] INFO  base.BaseClass - Found Element By {by.toString()}
2024-05-10 22:45:29,739 [main] INFO  base.BaseClass - Trying to find Element By {by.toString()})
2024-05-10 22:45:29,762 [main] INFO  base.BaseClass - Found Element By {by.toString()}
2024-05-10 22:45:30,295 [main] INFO  base.BaseClass - Trying to find Element By {by.toString()})
2024-05-10 22:45:30,336 [main] INFO  base.BaseClass - Found Element By {by.toString()}
2024-05-10 22:45:30,883 [main] INFO  base.BaseClass - Trying to find Element By {by.toString()})
2024-05-10 22:45:30,920 [main] INFO  base.BaseClass - Found Element By {by.toString()}
2024-05-10 22:45:31,459 [main] INFO  base.BaseClass - Trying to find Element By {by.toString()})
2024-05-10 22:45:31,497 [main] INFO  base.BaseClass - Found Element By {by.toString()}
2024-05-10 22:45:32,037 [main] INFO  base.BaseClass - Trying to find Element By {by.toString()})
2024-05-10 22:45:32,074 [main] INFO  base.BaseClass - Found Element By {by.toString()}
2024-05-10 22:45:32,612 [main] INFO  base.BaseClass - Trying to find Element By {by.toString()})
2024-05-10 22:45:32,637 [main] INFO  base.BaseClass - Found Element By {by.toString()}
2024-05-10 22:45:33,171 [main] INFO  base.BaseClass - Trying to find Element By {by.toString()})
2024-05-10 22:45:33,195 [main] INFO  base.BaseClass - Found Element By {by.toString()}
2024-05-10 22:45:33,745 [main] INFO  base.BaseClass - Trying to find Element By {by.toString()})
2024-05-10 22:45:33,785 [main] INFO  base.BaseClass - Found Element By {by.toString()}
2024-05-10 22:45:34,338 [main] INFO  base.BaseClass - Trying to find Element By {by.toString()})
2024-05-10 22:45:34,377 [main] INFO  base.BaseClass - Found Element By {by.toString()}
2024-05-10 22:45:34,927 [main] INFO  base.BaseClass - Trying to find Element By {by.toString()})
2024-05-10 22:45:34,940 [main] INFO  base.BaseClass - Found Element By {by.toString()}
2024-05-10 22:45:35,473 [main] INFO  base.BaseClass - Trying to find Element By {by.toString()})
2024-05-10 22:45:35,504 [main] INFO  base.BaseClass - Found Element By {by.toString()}
2024-05-10 22:45:36,048 [main] INFO  base.BaseClass - Trying to find Element By {by.toString()})
2024-05-10 22:45:36,085 [main] INFO  base.BaseClass - Found Element By {by.toString()}
2024-05-10 22:45:36,622 [main] INFO  base.BaseClass - Trying to find Element By {by.toString()})
2024-05-10 22:45:36,647 [main] INFO  base.BaseClass - Found Element By {by.toString()}
2024-05-10 22:45:37,182 [main] INFO  base.BaseClass - Trying to find Element By {by.toString()})
2024-05-10 22:45:37,220 [main] INFO  base.BaseClass - Found Element By {by.toString()}
2024-05-10 22:45:37,756 [main] INFO  base.BaseClass - Trying to find Element By {by.toString()})
2024-05-10 22:45:37,796 [main] INFO  base.BaseClass - Found Element By {by.toString()}
2024-05-10 22:45:38,335 [main] INFO  base.BaseClass - Trying to find Element By {by.toString()})
2024-05-10 22:45:38,370 [main] INFO  base.BaseClass - Found Element By {by.toString()}
2024-05-10 22:45:38,908 [main] INFO  base.BaseClass - Trying to find Element By {by.toString()})
2024-05-10 22:45:38,944 [main] INFO  base.BaseClass - Found Element By {by.toString()}
2024-05-10 22:45:39,484 [main] INFO  base.BaseClass - Trying to find Element By {by.toString()})
2024-05-10 22:45:39,525 [main] INFO  base.BaseClass - Found Element By {by.toString()}
2024-05-10 22:45:40,088 [main] INFO  base.BaseClass - Trying to find Element By {by.toString()})
2024-05-10 22:45:40,124 [main] INFO  base.BaseClass - Found Element By {by.toString()}
2024-05-10 22:45:40,662 [main] INFO  base.BaseClass - Trying to find Element By {by.toString()})
2024-05-10 22:45:40,695 [main] INFO  base.BaseClass - Found Element By {by.toString()}
2024-05-10 22:45:41,223 [main] INFO  base.BaseClass - Trying to find Element By {by.toString()})
2024-05-10 22:45:41,249 [main] INFO  base.BaseClass - Found Element By {by.toString()}
2024-05-10 22:45:41,782 [main] INFO  base.BaseClass - Trying to find Element By {by.toString()})
2024-05-10 22:45:41,821 [main] INFO  base.BaseClass - Found Element By {by.toString()}
2024-05-10 22:45:42,370 [main] INFO  base.BaseClass - Trying to find Element By {by.toString()})
2024-05-10 22:45:42,383 [main] INFO  base.BaseClass - Found Element By {by.toString()}
2024-05-10 22:45:42,901 [main] INFO  base.BaseClass - Trying to find Element By {by.toString()})
2024-05-10 22:45:42,975 [main] INFO  base.BaseClass - Found Element By {by.toString()}
2024-05-10 22:45:43,493 [main] INFO  base.BaseClass - Trying to find Element By {by.toString()})
2024-05-10 22:45:43,510 [main] INFO  base.BaseClass - Found Element By {by.toString()}
2024-05-10 22:45:44,036 [main] INFO  base.BaseClass - Trying to find Element By {by.toString()})
2024-05-10 22:45:44,074 [main] INFO  base.BaseClass - Found Element By {by.toString()}
2024-05-10 22:45:44,606 [main] INFO  base.BaseClass - Trying to find Element By {by.toString()})
2024-05-10 22:45:44,643 [main] INFO  base.BaseClass - Found Element By {by.toString()}
2024-05-10 22:45:45,181 [main] INFO  base.BaseClass - Trying to find Element By {by.toString()})
2024-05-10 22:45:45,219 [main] INFO  base.BaseClass - Found Element By {by.toString()}
2024-05-10 22:45:45,756 [main] INFO  base.BaseClass - Trying to find Element By {by.toString()})
2024-05-10 22:45:45,788 [main] INFO  base.BaseClass - Found Element By {by.toString()}
2024-05-10 22:45:46,328 [main] INFO  base.BaseClass - Trying to find Element By {by.toString()})
2024-05-10 22:45:46,356 [main] INFO  base.BaseClass - Found Element By {by.toString()}
2024-05-10 22:45:46,917 [main] INFO  base.BaseClass - Trying to find Element By {by.toString()})
2024-05-10 22:45:46,956 [main] INFO  base.BaseClass - Found Element By {by.toString()}
2024-05-10 22:45:47,508 [main] INFO  base.BaseClass - Trying to find Element By {by.toString()})
2024-05-10 22:45:48,086 [main] INFO  base.BaseClass - Found Element By {by.toString()}
2024-05-10 22:45:48,608 [main] INFO  base.BaseClass - Trying to find Element By {by.toString()})
2024-05-10 22:45:48,647 [main] INFO  base.BaseClass - Found Element By {by.toString()}
2024-05-10 22:45:49,184 [main] INFO  base.BaseClass - Trying to find Element By {by.toString()})
2024-05-10 22:45:49,203 [main] INFO  base.BaseClass - Found Element By {by.toString()}
2024-05-10 22:45:49,744 [main] INFO  base.BaseClass - Trying to find Element By {by.toString()})
2024-05-10 22:45:49,771 [main] INFO  base.BaseClass - Found Element By {by.toString()}
2024-05-10 22:45:50,299 [main] INFO  base.BaseClass - Trying to find Element By {by.toString()})
2024-05-10 22:45:50,331 [main] INFO  base.BaseClass - Found Element By {by.toString()}
2024-05-10 22:45:50,873 [main] INFO  base.BaseClass - Trying to find Element By {by.toString()})
2024-05-10 22:45:50,910 [main] INFO  base.BaseClass - Found Element By {by.toString()}
2024-05-10 22:45:51,445 [main] INFO  base.BaseClass - Trying to find Element By {by.toString()})
2024-05-10 22:45:51,485 [main] INFO  base.BaseClass - Found Element By {by.toString()}
2024-05-10 22:45:52,048 [main] INFO  base.BaseClass - Trying to find Element By {by.toString()})
2024-05-10 22:45:52,088 [main] INFO  base.BaseClass - Found Element By {by.toString()}
2024-05-10 22:45:52,623 [main] INFO  base.BaseClass - Trying to find Element By {by.toString()})
2024-05-10 22:45:52,661 [main] INFO  base.BaseClass - Found Element By {by.toString()}
2024-05-10 22:45:53,196 [main] INFO  base.BaseClass - Trying to find Element By {by.toString()})
2024-05-10 22:45:53,232 [main] INFO  base.BaseClass - Found Element By {by.toString()}
2024-05-10 22:45:53,773 [main] INFO  base.BaseClass - Trying to find Element By {by.toString()})
2024-05-10 22:45:53,805 [main] INFO  base.BaseClass - Found Element By {by.toString()}
2024-05-10 22:45:54,335 [main] INFO  base.BaseClass - Trying to find Element By {by.toString()})
2024-05-10 22:45:54,370 [main] INFO  base.BaseClass - Found Element By {by.toString()}
2024-05-10 22:45:54,910 [main] INFO  base.BaseClass - Trying to find Element By {by.toString()})
2024-05-10 22:45:54,950 [main] INFO  base.BaseClass - Found Element By {by.toString()}
2024-05-10 22:45:55,488 [main] INFO  base.BaseClass - Trying to find Element By {by.toString()})
2024-05-10 22:45:55,523 [main] INFO  base.BaseClass - Found Element By {by.toString()}
2024-05-10 22:45:56,062 [main] INFO  base.BaseClass - Trying to find Element By {by.toString()})
2024-05-10 22:45:56,082 [main] INFO  base.BaseClass - Found Element By {by.toString()}
2024-05-10 22:45:56,606 [main] INFO  base.BaseClass - Trying to find Element By {by.toString()})
2024-05-10 22:45:56,629 [main] INFO  base.BaseClass - Found Element By {by.toString()}
TimeoutException occurred: Expected condition failed: waiting for helper.WaitUtility$5@13213f26 (tried for 30 second(s) with 500 milliseconds interval)
Build info: version: '3.141.59', revision: 'e82be7d358', time: '2018-11-14T08:17:03'
System info: host: 'DPLAP166', ip: '137.237.2.51', os.name: 'Windows 10', os.arch: 'amd64', os.version: '10.0', java.version: '19.0.1'
Driver info: org.openqa.selenium.support.events.EventFiringWebDriver
Capabilities {acceptInsecureCerts: true, browserName: chrome, browserVersion: 124.0.6367.119, chrome: {chromedriverVersion: 124.0.6367.201 (46cf136d27d..., userDataDir: C:\Users\dP-PL\AppData\Loca...}, fedcm:accounts: true, goog:chromeOptions: {debuggerAddress: localhost:59922}, javascriptEnabled: true, networkConnectionEnabled: false, pageLoadStrategy: normal, platform: WINDOWS, platformName: WINDOWS, proxy: Proxy(), setWindowRect: true, strictFileInteractability: false, timeouts: {implicit: 0, pageLoad: 300000, script: 30000}, unhandledPromptBehavior: dismiss and notify, webauthn:extension:credBlob: true, webauthn:extension:largeBlob: true, webauthn:extension:minPinLength: true, webauthn:extension:prf: true, webauthn:virtualAuthenticators: true}
Session ID: fecf3dd42cc9184e1fb4545465b4a1cd
2024-05-10 22:45:56,657 [main] ERROR XGL_CustomerCSVexport - Element did not become visible within the specified time: Expected condition failed: waiting for helper.WaitUtility$5@13213f26 (tried for 30 second(s) with 500 milliseconds interval)
Build info: version: '3.141.59', revision: 'e82be7d358', time: '2018-11-14T08:17:03'
System info: host: 'DPLAP166', ip: '137.237.2.51', os.name: 'Windows 10', os.arch: 'amd64', os.version: '10.0', java.version: '19.0.1'
Driver info: org.openqa.selenium.support.events.EventFiringWebDriver
Capabilities {acceptInsecureCerts: true, browserName: chrome, browserVersion: 124.0.6367.119, chrome: {chromedriverVersion: 124.0.6367.201 (46cf136d27d..., userDataDir: C:\Users\dP-PL\AppData\Loca...}, fedcm:accounts: true, goog:chromeOptions: {debuggerAddress: localhost:59922}, javascriptEnabled: true, networkConnectionEnabled: false, pageLoadStrategy: normal, platform: WINDOWS, platformName: WINDOWS, proxy: Proxy(), setWindowRect: true, strictFileInteractability: false, timeouts: {implicit: 0, pageLoad: 300000, script: 30000}, unhandledPromptBehavior: dismiss and notify, webauthn:extension:credBlob: true, webauthn:extension:largeBlob: true, webauthn:extension:minPinLength: true, webauthn:extension:prf: true, webauthn:virtualAuthenticators: true}
Session ID: fecf3dd42cc9184e1fb4545465b4a1cd
2024-05-10 22:45:56,657 [main] INFO  base.BaseClass - Trying to find Element By {by.toString()})
2024-05-10 22:45:56,674 [main] INFO  base.BaseClass - Found Element By {by.toString()}
2024-05-10 22:45:56,675 [main] INFO  base.BaseClass - Trying to click on: {element.toString()}
2024-05-10 22:45:56,745 [main] INFO  base.BaseClass - Clicked on: {element.toString()}
System-generated CSV file name: Customers_05102024_224556.csv
CustomerExportCSV passed!
]]></system-out>
    <system-err><![CDATA[SLF4J: Class path contains multiple SLF4J bindings.
SLF4J: Found binding in [jar:file:/C:/Users/dP-PL/.m2/repository/org/apache/logging/log4j/log4j-slf4j-impl/2.17.0/log4j-slf4j-impl-2.17.0.jar!/org/slf4j/impl/StaticLoggerBinder.class]
SLF4J: Found binding in [jar:file:/C:/Users/dP-PL/.m2/repository/org/sonatype/gossip/gossip/1.0/gossip-1.0.jar!/org/slf4j/impl/StaticLoggerBinder.class]
SLF4J: Found binding in [jar:file:/C:/Users/dP-PL/.m2/repository/org/slf4j/slf4j-nop/1.5.3/slf4j-nop-1.5.3.jar!/org/slf4j/impl/StaticLoggerBinder.class]
SLF4J: Found binding in [jar:file:/C:/Users/dP-PL/.m2/repository/org/slf4j/slf4j-jdk14/1.5.6/slf4j-jdk14-1.5.6.jar!/org/slf4j/impl/StaticLoggerBinder.class]
SLF4J: See http://www.slf4j.org/codes.html#multiple_bindings for an explanation.
SLF4J: Actual binding is of type [org.apache.logging.slf4j.Log4jLoggerFactory]
Starting ChromeDriver 124.0.6367.201 (46cf136d27d50afd9c618d164a3b95b3b62d0027-refs/branch-heads/6367@{#1130}) on port 41684
Only local connections are allowed.
Please see https://chromedriver.chromium.org/security-considerations for suggestions on keeping ChromeDriver safe.
ChromeDriver was started successfully.
May 10, 2024 10:43:44 PM org.openqa.selenium.remote.ProtocolHandshake createSession
INFO: Detected dialect: W3C
]]></system-err>
  </testcase>
</testsuite>